#
# There is insufficient memory for the Java Runtime Environment to continue.
# Native memory allocation (mmap) failed to map 152043520 bytes for Failed to commit area from 0x000000008c100000 to 0x0000000095200000 of length 152043520.
# Possible reasons:
#   The system is out of physical RAM or swap space
#   The process is running with CompressedOops enabled, and the Java Heap may be blocking the growth of the native heap
# Possible solutions:
#   Reduce memory load on the system
#   Increase physical memory or swap space
#   Check if swap backing store is full
#   Decrease Java heap size (-Xmx/-Xms)
#   Decrease number of Java threads
#   Decrease Java thread stack sizes (-Xss)
#   Set larger code cache with -XX:ReservedCodeCacheSize=
#   JVM is running with Unscaled Compressed Oops mode in which the Java heap is
#     placed in the first 4GB address space. The Java Heap base address is the
#     maximum limit for the native heap growth. Please use -XX:HeapBaseMinAddress
#     to set the Java Heap base and to place the Java Heap above 4GB virtual address.
# This output file may be truncated or incomplete.
#
#  Out of Memory Error (./open/src/hotspot/os/windows/os_windows.cpp:3298), pid=22576, tid=14296
#
# JRE version: Java(TM) SE Runtime Environment 18.9 (11.0.21+9) (build 11.0.21+9-LTS-193)
# Java VM: Java HotSpot(TM) 64-Bit Server VM 18.9 (11.0.21+9-LTS-193, mixed mode, tiered, compressed oops, g1 gc, windows-amd64)
# No core dump will be written. Minidumps are not enabled by default on client versions of Windows
#

---------------  S U M M A R Y ------------

Command Line: -XX:MaxMetaspaceSize=512m --add-opens=java.base/java.util=ALL-UNNAMED --add-opens=java.base/java.lang=ALL-UNNAMED --add-opens=java.base/java.lang.invoke=ALL-UNNAMED --add-opens=java.prefs/java.util.prefs=ALL-UNNAMED --add-opens=java.base/java.nio.charset=ALL-UNNAMED --add-opens=java.base/java.net=ALL-UNNAMED --add-opens=java.base/java.util.concurrent.atomic=ALL-UNNAMED -Xmx2048m -Dfile.encoding=utf8 -Duser.country=IN -Duser.language=en -Duser.variant org.gradle.launcher.daemon.bootstrap.GradleDaemon 8.0.1

Host: AMD Ryzen 5 5500U with Radeon Graphics         , 12 cores, 7G,  Windows 10 , 64 bit Build 19041 (10.0.19041.3636)
Time: Sun Mar  3 01:47:32 2024 India Standard Time elapsed time: 56.128553 seconds (0d 0h 0m 56s)

---------------  T H R E A D  ---------------

Current thread (0x00000234da494000):  VMThread "VM Thread" [stack: 0x000000e442d00000,0x000000e442e00000] [id=14296]

Stack: [0x000000e442d00000,0x000000e442e00000]
[error occurred during error reporting (printing stack bounds), id 0xc0000005, EXCEPTION_ACCESS_VIOLATION (0xc0000005) at pc=0x00000234c36f0f2d]

Native frames: (J=compiled Java code, j=interpreted, Vv=VM code, C=native code)
V  [jvm.dll+0x66058a]
V  [jvm.dll+0x7a362f]
V  [jvm.dll+0x7a4cf9]
V  [jvm.dll+0x7a52f5]
V  [jvm.dll+0x7a52ab]
V  [jvm.dll+0x65fa93]
V  [jvm.dll+0x660188]
C  [ntdll.dll+0xa23af]
C  [ntdll.dll+0x514b4]
C  [ntdll.dll+0xa0ebe]
C  0x00000234c36f0f2d

VM_Operation (0x000000e443ff8270): G1CollectForAllocation, mode: safepoint, requested by thread 0x00000234da4cd800


---------------  P R O C E S S  ---------------

Threads class SMR info:
_java_thread_list=0x00000234e3b7bc10, length=182, elements={
0x00000234bc012800, 0x00000234da4a7000, 0x00000234da49f800, 0x00000234da4b1800,
0x00000234da4b3000, 0x00000234da4b6800, 0x00000234da4bc000, 0x00000234da4c8800,
0x00000234da4c9800, 0x00000234da4cc000, 0x00000234da4cf800, 0x00000234da4d0000,
0x00000234da4cb800, 0x00000234da4ca800, 0x00000234da4ce800, 0x00000234da4cd000,
0x00000234da4cd800, 0x00000234db1bc000, 0x00000234db1ba800, 0x00000234db1bd000,
0x00000234db1b9800, 0x00000234db1bb800, 0x00000234db1be000, 0x00000234db1be800,
0x00000234db1b9000, 0x00000234db1c2800, 0x00000234db1c0000, 0x00000234db1c1000,
0x00000234db1c2000, 0x00000234db1c3800, 0x00000234db1c4800, 0x00000234db1bf800,
0x00000234db1c5000, 0x00000234dff69000, 0x00000234dff6d800, 0x00000234dff6e000,
0x00000234dff6a000, 0x00000234dff6b000, 0x00000234dff6b800, 0x00000234dff68800,
0x00000234dff71800, 0x00000234dff72000, 0x00000234dff74800, 0x00000234dff73000,
0x00000234dff74000, 0x00000234dff6f000, 0x00000234dff75800, 0x00000234dff6f800,
0x00000234dff76800, 0x00000234dff70800, 0x00000234dff77000, 0x00000234dfdb4000,
0x00000234dfdb5000, 0x00000234dfdb3000, 0x00000234dfdb2800, 0x00000234dfdba000,
0x00000234dfdbb800, 0x00000234dfdb9000, 0x00000234dfdba800, 0x00000234dfdb8000,
0x00000234dfdb5800, 0x00000234dfdbc000, 0x00000234dfdb6800, 0x00000234dfdbd000,
0x00000234dfdb7800, 0x00000234dfdbe000, 0x00000234dfdbe800, 0x00000234dfdbf800,
0x00000234dfdc1000, 0x00000234dfdc0800, 0x00000234dd798800, 0x00000234dd799000,
0x00000234dd79b000, 0x00000234dd79b800, 0x00000234dd79c800, 0x00000234dd797000,
0x00000234dd79d800, 0x00000234dd797800, 0x00000234dd7a0000, 0x00000234dd7a2000,
0x00000234dd7a0800, 0x00000234dd7a4000, 0x00000234dd7a3000, 0x00000234dd79e000,
0x00000234dd7a1800, 0x00000234dd7a4800, 0x00000234dd79f000, 0x00000234dd7a5800,
0x00000234e1058000, 0x00000234e105d000, 0x00000234e1058800, 0x00000234e105c000,
0x00000234e1059800, 0x00000234e105a800, 0x00000234e1057000, 0x00000234e105e800,
0x00000234e105d800, 0x00000234e105f800, 0x00000234e1061000, 0x00000234e1060000,
0x00000234e105b000, 0x00000234e1061800, 0x00000234e1062800, 0x00000234e1066000,
0x00000234e1064000, 0x00000234e1063800, 0x00000234e1065000, 0x00000234e361f800,
0x00000234e3622000, 0x00000234e3621000, 0x00000234e3620000, 0x00000234e361e800,
0x00000234e3622800, 0x00000234e3624800, 0x00000234e3623800, 0x00000234e3625000,
0x00000234e171c800, 0x00000234e171b000, 0x00000234e171a800, 0x00000234e1720000,
0x00000234e1721000, 0x00000234e171f000, 0x00000234e1721800, 0x00000234e171d800,
0x00000234e171e800, 0x00000234e171c000, 0x00000234e1723800, 0x00000234e1727800,
0x00000234e1725800, 0x00000234e1724000, 0x00000234e1728000, 0x00000234e1722800,
0x00000234e1726800, 0x00000234e1729000, 0x00000234e1725000, 0x00000234e1a39000,
0x00000234e1a39800, 0x00000234e1a38000, 0x00000234e1a3c000, 0x00000234e1a3a800,
0x00000234e1a3b800, 0x00000234e1a3d000, 0x00000234e1a37800, 0x00000234e1a40800,
0x00000234e1a41000, 0x00000234e1a3f800, 0x00000234e1a3e000, 0x00000234e1a42800,
0x00000234e1a43800, 0x00000234e1a44800, 0x00000234e1a42000, 0x00000234e1a3e800,
0x00000234e1a45000, 0x00000234e1a46000, 0x00000234dfd19800, 0x00000234dfd1c800,
0x00000234dfd1b000, 0x00000234dfd1a800, 0x00000234dfd21800, 0x00000234dfd1d800,
0x00000234dfd1f000, 0x00000234dfd1e800, 0x00000234dfd21000, 0x00000234dfd20000,
0x00000234dfd1c000, 0x00000234dfd24000, 0x00000234dfd25000, 0x00000234dfd25800,
0x00000234dfd28000, 0x00000234dfd23800, 0x00000234dfd26800, 0x00000234dfd22800,
0x00000234dfd27800, 0x00000234dd612000, 0x00000234dd60f800, 0x00000234dd610800,
0x00000234dd60e800, 0x00000234dd60e000, 0x00000234dd611000, 0x00000234dd60c800,
0x00000234dd613000, 0x00000234dd60d000
}

Java Threads: ( => current thread )
  0x00000234bc012800 JavaThread "main" [_thread_blocked, id=3544, stack(0x000000e442700000,0x000000e442800000)]
  0x00000234da4a7000 JavaThread "Reference Handler" daemon [_thread_blocked, id=2776, stack(0x000000e442e00000,0x000000e442f00000)]
  0x00000234da49f800 JavaThread "Finalizer" daemon [_thread_blocked, id=14560, stack(0x000000e442f00000,0x000000e443000000)]
  0x00000234da4b1800 JavaThread "Signal Dispatcher" daemon [_thread_blocked, id=21568, stack(0x000000e443000000,0x000000e443100000)]
  0x00000234da4b3000 JavaThread "Attach Listener" daemon [_thread_blocked, id=24184, stack(0x000000e443100000,0x000000e443200000)]
  0x00000234da4b6800 JavaThread "Service Thread" daemon [_thread_blocked, id=16696, stack(0x000000e443200000,0x000000e443300000)]
  0x00000234da4bc000 JavaThread "C2 CompilerThread0" daemon [_thread_blocked, id=24884, stack(0x000000e443300000,0x000000e443400000)]
  0x00000234da4c8800 JavaThread "C1 CompilerThread0" daemon [_thread_blocked, id=5088, stack(0x000000e443400000,0x000000e443500000)]
  0x00000234da4c9800 JavaThread "Sweeper thread" daemon [_thread_blocked, id=24004, stack(0x000000e443500000,0x000000e443600000)]
  0x00000234da4cc000 JavaThread "Common-Cleaner" daemon [_thread_blocked, id=2008, stack(0x000000e443600000,0x000000e443700000)]
  0x00000234da4cf800 JavaThread "Daemon health stats" [_thread_blocked, id=19668, stack(0x000000e443900000,0x000000e443a00000)]
  0x00000234da4d0000 JavaThread "Incoming local TCP Connector on port 9807" [_thread_in_native, id=22128, stack(0x000000e443a00000,0x000000e443b00000)]
  0x00000234da4cb800 JavaThread "Daemon periodic checks" [_thread_blocked, id=5592, stack(0x000000e443b00000,0x000000e443c00000)]
  0x00000234da4ca800 JavaThread "Daemon" [_thread_blocked, id=18828, stack(0x000000e443c00000,0x000000e443d00000)]
  0x00000234da4ce800 JavaThread "Handler for socket connection from /127.0.0.1:9807 to /127.0.0.1:9810" [_thread_in_native, id=9704, stack(0x000000e443d00000,0x000000e443e00000)]
  0x00000234da4cd000 JavaThread "Cancel handler" [_thread_blocked, id=17564, stack(0x000000e443e00000,0x000000e443f00000)]
  0x00000234da4cd800 JavaThread "Daemon worker" [_thread_blocked, id=22696, stack(0x000000e443f00000,0x000000e444000000)]
  0x00000234db1bc000 JavaThread "Asynchronous log dispatcher for DefaultDaemonConnection: socket connection from /127.0.0.1:9807 to /127.0.0.1:9810" [_thread_blocked, id=17460, stack(0x000000e444000000,0x000000e444100000)]
  0x00000234db1ba800 JavaThread "Stdin handler" [_thread_blocked, id=26612, stack(0x000000e444100000,0x000000e444200000)]
  0x00000234db1bd000 JavaThread "Daemon client event forwarder" [_thread_blocked, id=18388, stack(0x000000e444200000,0x000000e444300000)]
  0x00000234db1b9800 JavaThread "Cache worker for journal cache (C:\Users\acer\.gradle\caches\journal-1)" [_thread_blocked, id=8976, stack(0x000000e444d00000,0x000000e444e00000)]
  0x00000234db1bb800 JavaThread "File lock request listener" [_thread_in_native, id=25468, stack(0x000000e445000000,0x000000e445100000)]
  0x00000234db1be000 JavaThread "Cache worker for file hash cache (C:\Users\acer\.gradle\caches\8.0.1\fileHashes)" [_thread_blocked, id=532, stack(0x000000e445100000,0x000000e445200000)]
  0x00000234db1be800 JavaThread "File watcher server" daemon [_thread_in_native, id=13400, stack(0x000000e445200000,0x000000e445300000)]
  0x00000234db1b9000 JavaThread "File watcher consumer" daemon [_thread_blocked, id=21704, stack(0x000000e445300000,0x000000e445400000)]
  0x00000234db1c2800 JavaThread "Cache worker for checksums cache (E:\MINOR\minor\android\.gradle\8.0.1\checksums)" [_thread_blocked, id=20528, stack(0x000000e445400000,0x000000e445500000)]
  0x00000234db1c0000 JavaThread "Cache worker for cache directory md-rule (C:\Users\acer\.gradle\caches\8.0.1\md-rule)" [_thread_blocked, id=26396, stack(0x000000e445500000,0x000000e445600000)]
  0x00000234db1c1000 JavaThread "Cache worker for file content cache (C:\Users\acer\.gradle\caches\8.0.1\fileContent)" [_thread_blocked, id=7736, stack(0x000000e445600000,0x000000e445700000)]
  0x00000234db1c2000 JavaThread "Cache worker for file hash cache (E:\MINOR\minor\android\.gradle\8.0.1\fileHashes)" [_thread_blocked, id=2748, stack(0x000000e445700000,0x000000e445800000)]
  0x00000234db1c3800 JavaThread "Cache worker for cache directory md-supplier (C:\Users\acer\.gradle\caches\8.0.1\md-supplier)" [_thread_blocked, id=13952, stack(0x000000e445800000,0x000000e445900000)]
  0x00000234db1c4800 JavaThread "Cache worker for execution history cache (C:\Users\acer\.gradle\caches\8.0.1\executionHistory)" [_thread_blocked, id=9140, stack(0x000000e445900000,0x000000e445a00000)]
  0x00000234db1bf800 JavaThread "jar transforms" [_thread_blocked, id=15136, stack(0x000000e445a00000,0x000000e445b00000)]
  0x00000234db1c5000 JavaThread "jar transforms Thread 2" [_thread_blocked, id=23432, stack(0x000000e445b00000,0x000000e445c00000)]
  0x00000234dff69000 JavaThread "jar transforms Thread 3" [_thread_blocked, id=92, stack(0x000000e445c00000,0x000000e445d00000)]
  0x00000234dff6d800 JavaThread "jar transforms Thread 4" [_thread_blocked, id=11028, stack(0x000000e445d00000,0x000000e445e00000)]
  0x00000234dff6e000 JavaThread "jar transforms Thread 5" [_thread_blocked, id=17156, stack(0x000000e445e00000,0x000000e445f00000)]
  0x00000234dff6a000 JavaThread "jar transforms Thread 6" [_thread_blocked, id=23304, stack(0x000000e445f00000,0x000000e446000000)]
  0x00000234dff6b000 JavaThread "Cache worker for kotlin-dsl (C:\Users\acer\.gradle\caches\8.0.1\kotlin-dsl)" [_thread_blocked, id=12296, stack(0x000000e446000000,0x000000e446100000)]
  0x00000234dff6b800 JavaThread "jar transforms Thread 7" [_thread_blocked, id=2564, stack(0x000000e446100000,0x000000e446200000)]
  0x00000234dff68800 JavaThread "jar transforms Thread 8" [_thread_blocked, id=6300, stack(0x000000e446200000,0x000000e446300000)]
  0x00000234dff71800 JavaThread "Cache worker for dependencies-accessors (E:\MINOR\minor\android\.gradle\8.0.1\dependencies-accessors)" [_thread_blocked, id=21472, stack(0x000000e446300000,0x000000e446400000)]
  0x00000234dff72000 JavaThread "Cache worker for Build Output Cleanup Cache (E:\MINOR\minor\node_modules\@react-native\gradle-plugin\.gradle\buildOutputCleanup)" [_thread_blocked, id=26596, stack(0x000000e446400000,0x000000e446500000)]
  0x00000234dff74800 JavaThread "jar transforms Thread 9" [_thread_blocked, id=9760, stack(0x000000e446500000,0x000000e446600000)]
  0x00000234dff73000 JavaThread "Unconstrained build operations" [_thread_blocked, id=15028, stack(0x000000e446600000,0x000000e446700000)]
  0x00000234dff74000 JavaThread "Unconstrained build operations Thread 2" [_thread_blocked, id=1912, stack(0x000000e446700000,0x000000e446800000)]
  0x00000234dff6f000 JavaThread "Unconstrained build operations Thread 3" [_thread_blocked, id=21768, stack(0x000000e446800000,0x000000e446900000)]
  0x00000234dff75800 JavaThread "Unconstrained build operations Thread 4" [_thread_blocked, id=18952, stack(0x000000e446900000,0x000000e446a00000)]
  0x00000234dff6f800 JavaThread "Unconstrained build operations Thread 5" [_thread_blocked, id=4516, stack(0x000000e446a00000,0x000000e446b00000)]
  0x00000234dff76800 JavaThread "Unconstrained build operations Thread 6" [_thread_blocked, id=2492, stack(0x000000e446b00000,0x000000e446c00000)]
  0x00000234dff70800 JavaThread "Unconstrained build operations Thread 7" [_thread_blocked, id=24832, stack(0x000000e446c00000,0x000000e446d00000)]
  0x00000234dff77000 JavaThread "Unconstrained build operations Thread 8" [_thread_blocked, id=21672, stack(0x000000e446d00000,0x000000e446e00000)]
  0x00000234dfdb4000 JavaThread "Unconstrained build operations Thread 9" [_thread_blocked, id=25444, stack(0x000000e446e00000,0x000000e446f00000)]
  0x00000234dfdb5000 JavaThread "Unconstrained build operations Thread 10" [_thread_blocked, id=10136, stack(0x000000e446f00000,0x000000e447000000)]
  0x00000234dfdb3000 JavaThread "Unconstrained build operations Thread 11" [_thread_blocked, id=26608, stack(0x000000e447000000,0x000000e447100000)]
  0x00000234dfdb2800 JavaThread "Unconstrained build operations Thread 12" [_thread_blocked, id=22144, stack(0x000000e447100000,0x000000e447200000)]
  0x00000234dfdba000 JavaThread "Unconstrained build operations Thread 13" [_thread_blocked, id=24176, stack(0x000000e447200000,0x000000e447300000)]
  0x00000234dfdbb800 JavaThread "Unconstrained build operations Thread 14" [_thread_blocked, id=6380, stack(0x000000e447300000,0x000000e447400000)]
  0x00000234dfdb9000 JavaThread "Unconstrained build operations Thread 15" [_thread_blocked, id=20484, stack(0x000000e447400000,0x000000e447500000)]
  0x00000234dfdba800 JavaThread "Unconstrained build operations Thread 16" [_thread_blocked, id=18384, stack(0x000000e447500000,0x000000e447600000)]
  0x00000234dfdb8000 JavaThread "Unconstrained build operations Thread 17" [_thread_blocked, id=24260, stack(0x000000e447600000,0x000000e447700000)]
  0x00000234dfdb5800 JavaThread "Unconstrained build operations Thread 18" [_thread_blocked, id=23680, stack(0x000000e447700000,0x000000e447800000)]
  0x00000234dfdbc000 JavaThread "Unconstrained build operations Thread 19" [_thread_blocked, id=23324, stack(0x000000e447800000,0x000000e447900000)]
  0x00000234dfdb6800 JavaThread "Unconstrained build operations Thread 20" [_thread_blocked, id=23940, stack(0x000000e447900000,0x000000e447a00000)]
  0x00000234dfdbd000 JavaThread "Unconstrained build operations Thread 21" [_thread_blocked, id=24364, stack(0x000000e447a00000,0x000000e447b00000)]
  0x00000234dfdb7800 JavaThread "Unconstrained build operations Thread 22" [_thread_blocked, id=14168, stack(0x000000e447b00000,0x000000e447c00000)]
  0x00000234dfdbe000 JavaThread "Unconstrained build operations Thread 23" [_thread_blocked, id=21840, stack(0x000000e447c00000,0x000000e447d00000)]
  0x00000234dfdbe800 JavaThread "Unconstrained build operations Thread 24" [_thread_blocked, id=9124, stack(0x000000e447d00000,0x000000e447e00000)]
  0x00000234dfdbf800 JavaThread "Unconstrained build operations Thread 25" [_thread_blocked, id=13880, stack(0x000000e447e00000,0x000000e447f00000)]
  0x00000234dfdc1000 JavaThread "Unconstrained build operations Thread 26" [_thread_blocked, id=25632, stack(0x000000e447f00000,0x000000e448000000)]
  0x00000234dfdc0800 JavaThread "jar transforms Thread 10" [_thread_blocked, id=25512, stack(0x000000e448000000,0x000000e448100000)]
  0x00000234dd798800 JavaThread "jar transforms Thread 11" [_thread_blocked, id=18796, stack(0x000000e448100000,0x000000e448200000)]
  0x00000234dd799000 JavaThread "jar transforms Thread 12" [_thread_blocked, id=14796, stack(0x000000e448200000,0x000000e448300000)]
  0x00000234dd79b000 JavaThread "Memory manager" [_thread_blocked, id=19928, stack(0x000000e448300000,0x000000e448400000)]
  0x00000234dd79b800 JavaThread "Cache worker for Build Output Cleanup Cache (E:\MINOR\minor\android\.gradle\buildOutputCleanup)" [_thread_blocked, id=112, stack(0x000000e448400000,0x000000e448500000)]
  0x00000234dd79c800 JavaThread "included builds" [_thread_blocked, id=13024, stack(0x000000e448500000,0x000000e448600000)]
  0x00000234dd797000 JavaThread "Execution worker" [_thread_blocked, id=16448, stack(0x000000e448600000,0x000000e448700000)]
  0x00000234dd79d800 JavaThread "Execution worker Thread 2" [_thread_blocked, id=11988, stack(0x000000e448700000,0x000000e448800000)]
  0x00000234dd797800 JavaThread "Execution worker Thread 3" [_thread_blocked, id=9420, stack(0x000000e448800000,0x000000e448900000)]
  0x00000234dd7a0000 JavaThread "Execution worker Thread 4" [_thread_blocked, id=23360, stack(0x000000e448900000,0x000000e448a00000)]
  0x00000234dd7a2000 JavaThread "Execution worker Thread 5" [_thread_blocked, id=14936, stack(0x000000e448a00000,0x000000e448b00000)]
  0x00000234dd7a0800 JavaThread "Execution worker Thread 6" [_thread_blocked, id=25620, stack(0x000000e448b00000,0x000000e448c00000)]
  0x00000234dd7a4000 JavaThread "Execution worker Thread 7" [_thread_blocked, id=21632, stack(0x000000e448c00000,0x000000e448d00000)]
  0x00000234dd7a3000 JavaThread "Execution worker Thread 8" [_thread_blocked, id=15868, stack(0x000000e448d00000,0x000000e448e00000)]
  0x00000234dd79e000 JavaThread "Execution worker Thread 9" [_thread_blocked, id=5844, stack(0x000000e448e00000,0x000000e448f00000)]
  0x00000234dd7a1800 JavaThread "Execution worker Thread 10" [_thread_blocked, id=5648, stack(0x000000e448f00000,0x000000e449000000)]
  0x00000234dd7a4800 JavaThread "Execution worker Thread 11" [_thread_blocked, id=9416, stack(0x000000e449000000,0x000000e449100000)]
  0x00000234dd79f000 JavaThread "Cache worker for execution history cache (E:\MINOR\minor\node_modules\@react-native\gradle-plugin\.gradle\8.0.1\executionHistory)" [_thread_blocked, id=24820, stack(0x000000e449100000,0x000000e449200000)]
  0x00000234dd7a5800 JavaThread "Unconstrained build operations Thread 27" [_thread_blocked, id=1380, stack(0x000000e449200000,0x000000e449300000)]
  0x00000234e1058000 JavaThread "Unconstrained build operations Thread 28" [_thread_blocked, id=912, stack(0x000000e449300000,0x000000e449400000)]
  0x00000234e105d000 JavaThread "Unconstrained build operations Thread 29" [_thread_blocked, id=13524, stack(0x000000e449400000,0x000000e449500000)]
  0x00000234e1058800 JavaThread "Unconstrained build operations Thread 30" [_thread_blocked, id=25568, stack(0x000000e449500000,0x000000e449600000)]
  0x00000234e105c000 JavaThread "Unconstrained build operations Thread 31" [_thread_blocked, id=13904, stack(0x000000e449600000,0x000000e449700000)]
  0x00000234e1059800 JavaThread "Unconstrained build operations Thread 32" [_thread_blocked, id=13332, stack(0x000000e449700000,0x000000e449800000)]
  0x00000234e105a800 JavaThread "Unconstrained build operations Thread 33" [_thread_blocked, id=18924, stack(0x000000e449800000,0x000000e449900000)]
  0x00000234e1057000 JavaThread "Unconstrained build operations Thread 34" [_thread_blocked, id=24692, stack(0x000000e449900000,0x000000e449a00000)]
  0x00000234e105e800 JavaThread "Unconstrained build operations Thread 35" [_thread_blocked, id=18996, stack(0x000000e449a00000,0x000000e449b00000)]
  0x00000234e105d800 JavaThread "Unconstrained build operations Thread 36" [_thread_blocked, id=22752, stack(0x000000e449b00000,0x000000e449c00000)]
  0x00000234e105f800 JavaThread "Unconstrained build operations Thread 37" [_thread_blocked, id=9756, stack(0x000000e449c00000,0x000000e449d00000)]
  0x00000234e1061000 JavaThread "Unconstrained build operations Thread 38" [_thread_blocked, id=19180, stack(0x000000e449d00000,0x000000e449e00000)]
  0x00000234e1060000 JavaThread "Unconstrained build operations Thread 39" [_thread_blocked, id=9008, stack(0x000000e449e00000,0x000000e449f00000)]
  0x00000234e105b000 JavaThread "Unconstrained build operations Thread 40" [_thread_blocked, id=14240, stack(0x000000e449f00000,0x000000e44a000000)]
  0x00000234e1061800 JavaThread "Unconstrained build operations Thread 41" [_thread_blocked, id=2604, stack(0x000000e44a000000,0x000000e44a100000)]
  0x00000234e1062800 JavaThread "Unconstrained build operations Thread 42" [_thread_blocked, id=6372, stack(0x000000e44a100000,0x000000e44a200000)]
  0x00000234e1066000 JavaThread "Unconstrained build operations Thread 43" [_thread_blocked, id=25332, stack(0x000000e44a200000,0x000000e44a300000)]
  0x00000234e1064000 JavaThread "Unconstrained build operations Thread 44" [_thread_blocked, id=9116, stack(0x000000e44a300000,0x000000e44a400000)]
  0x00000234e1063800 JavaThread "Unconstrained build operations Thread 45" [_thread_blocked, id=10800, stack(0x000000e44a400000,0x000000e44a500000)]
  0x00000234e1065000 JavaThread "Unconstrained build operations Thread 46" [_thread_blocked, id=23616, stack(0x000000e44a500000,0x000000e44a600000)]
  0x00000234e361f800 JavaThread "Unconstrained build operations Thread 47" [_thread_blocked, id=13964, stack(0x000000e44a600000,0x000000e44a700000)]
  0x00000234e3622000 JavaThread "Unconstrained build operations Thread 48" [_thread_blocked, id=6656, stack(0x000000e44a700000,0x000000e44a800000)]
  0x00000234e3621000 JavaThread "Unconstrained build operations Thread 49" [_thread_blocked, id=23460, stack(0x000000e44a800000,0x000000e44a900000)]
  0x00000234e3620000 JavaThread "Unconstrained build operations Thread 50" [_thread_blocked, id=11280, stack(0x000000e44a900000,0x000000e44aa00000)]
  0x00000234e361e800 JavaThread "Unconstrained build operations Thread 51" [_thread_blocked, id=18740, stack(0x000000e44aa00000,0x000000e44ab00000)]
  0x00000234e3622800 JavaThread "Unconstrained build operations Thread 52" [_thread_blocked, id=6852, stack(0x000000e44ab00000,0x000000e44ac00000)]
  0x00000234e3624800 JavaThread "Unconstrained build operations Thread 53" [_thread_blocked, id=15552, stack(0x000000e44ac00000,0x000000e44ad00000)]
  0x00000234e3623800 JavaThread "Unconstrained build operations Thread 54" [_thread_blocked, id=25004, stack(0x000000e44ad00000,0x000000e44ae00000)]
  0x00000234e3625000 JavaThread "Unconstrained build operations Thread 55" [_thread_blocked, id=19392, stack(0x000000e44ae00000,0x000000e44af00000)]
  0x00000234e171c800 JavaThread "Unconstrained build operations Thread 56" [_thread_blocked, id=15872, stack(0x000000e44af00000,0x000000e44b000000)]
  0x00000234e171b000 JavaThread "Unconstrained build operations Thread 57" [_thread_blocked, id=25556, stack(0x000000e44b000000,0x000000e44b100000)]
  0x00000234e171a800 JavaThread "Unconstrained build operations Thread 58" [_thread_blocked, id=11036, stack(0x000000e44b100000,0x000000e44b200000)]
  0x00000234e1720000 JavaThread "Unconstrained build operations Thread 59" [_thread_blocked, id=1760, stack(0x000000e44b200000,0x000000e44b300000)]
  0x00000234e1721000 JavaThread "Unconstrained build operations Thread 60" [_thread_blocked, id=22316, stack(0x000000e44b300000,0x000000e44b400000)]
  0x00000234e171f000 JavaThread "Unconstrained build operations Thread 61" [_thread_blocked, id=14300, stack(0x000000e44b400000,0x000000e44b500000)]
  0x00000234e1721800 JavaThread "Unconstrained build operations Thread 62" [_thread_blocked, id=23856, stack(0x000000e44b500000,0x000000e44b600000)]
  0x00000234e171d800 JavaThread "Unconstrained build operations Thread 63" [_thread_blocked, id=4260, stack(0x000000e44b600000,0x000000e44b700000)]
  0x00000234e171e800 JavaThread "Unconstrained build operations Thread 64" [_thread_blocked, id=9368, stack(0x000000e44b700000,0x000000e44b800000)]
  0x00000234e171c000 JavaThread "Unconstrained build operations Thread 65" [_thread_blocked, id=25720, stack(0x000000e44b800000,0x000000e44b900000)]
  0x00000234e1723800 JavaThread "Unconstrained build operations Thread 66" [_thread_blocked, id=14888, stack(0x000000e44b900000,0x000000e44ba00000)]
  0x00000234e1727800 JavaThread "Unconstrained build operations Thread 67" [_thread_blocked, id=20156, stack(0x000000e44ba00000,0x000000e44bb00000)]
  0x00000234e1725800 JavaThread "Unconstrained build operations Thread 68" [_thread_blocked, id=22972, stack(0x000000e44bb00000,0x000000e44bc00000)]
  0x00000234e1724000 JavaThread "Unconstrained build operations Thread 69" [_thread_blocked, id=18968, stack(0x000000e44bc00000,0x000000e44bd00000)]
  0x00000234e1728000 JavaThread "Unconstrained build operations Thread 70" [_thread_blocked, id=3440, stack(0x000000e44bd00000,0x000000e44be00000)]
  0x00000234e1722800 JavaThread "Unconstrained build operations Thread 71" [_thread_blocked, id=5452, stack(0x000000e44be00000,0x000000e44bf00000)]
  0x00000234e1726800 JavaThread "Unconstrained build operations Thread 72" [_thread_blocked, id=8872, stack(0x000000e44bf00000,0x000000e44c000000)]
  0x00000234e1729000 JavaThread "Unconstrained build operations Thread 73" [_thread_blocked, id=25928, stack(0x000000e44c000000,0x000000e44c100000)]
  0x00000234e1725000 JavaThread "Unconstrained build operations Thread 74" [_thread_blocked, id=7804, stack(0x000000e44c100000,0x000000e44c200000)]
  0x00000234e1a39000 JavaThread "Unconstrained build operations Thread 75" [_thread_blocked, id=1772, stack(0x000000e44c200000,0x000000e44c300000)]
  0x00000234e1a39800 JavaThread "Unconstrained build operations Thread 76" [_thread_blocked, id=24340, stack(0x000000e44c300000,0x000000e44c400000)]
  0x00000234e1a38000 JavaThread "Unconstrained build operations Thread 77" [_thread_blocked, id=13552, stack(0x000000e44c400000,0x000000e44c500000)]
  0x00000234e1a3c000 JavaThread "Unconstrained build operations Thread 78" [_thread_blocked, id=18236, stack(0x000000e44c500000,0x000000e44c600000)]
  0x00000234e1a3a800 JavaThread "Unconstrained build operations Thread 79" [_thread_blocked, id=21156, stack(0x000000e44c600000,0x000000e44c700000)]
  0x00000234e1a3b800 JavaThread "Unconstrained build operations Thread 80" [_thread_blocked, id=19632, stack(0x000000e44c700000,0x000000e44c800000)]
  0x00000234e1a3d000 JavaThread "Unconstrained build operations Thread 81" [_thread_blocked, id=15732, stack(0x000000e44c800000,0x000000e44c900000)]
  0x00000234e1a37800 JavaThread "Unconstrained build operations Thread 82" [_thread_blocked, id=21812, stack(0x000000e44c900000,0x000000e44ca00000)]
  0x00000234e1a40800 JavaThread "Unconstrained build operations Thread 83" [_thread_blocked, id=11308, stack(0x000000e44ca00000,0x000000e44cb00000)]
  0x00000234e1a41000 JavaThread "Unconstrained build operations Thread 84" [_thread_blocked, id=15828, stack(0x000000e44cb00000,0x000000e44cc00000)]
  0x00000234e1a3f800 JavaThread "Unconstrained build operations Thread 85" [_thread_blocked, id=1568, stack(0x000000e44cc00000,0x000000e44cd00000)]
  0x00000234e1a3e000 JavaThread "Unconstrained build operations Thread 86" [_thread_blocked, id=12456, stack(0x000000e44cd00000,0x000000e44ce00000)]
  0x00000234e1a42800 JavaThread "Unconstrained build operations Thread 87" [_thread_blocked, id=2404, stack(0x000000e44ce00000,0x000000e44cf00000)]
  0x00000234e1a43800 JavaThread "Unconstrained build operations Thread 88" [_thread_blocked, id=19108, stack(0x000000e44cf00000,0x000000e44d000000)]
  0x00000234e1a44800 JavaThread "Unconstrained build operations Thread 89" [_thread_blocked, id=16284, stack(0x000000e44d000000,0x000000e44d100000)]
  0x00000234e1a42000 JavaThread "Unconstrained build operations Thread 90" [_thread_blocked, id=21012, stack(0x000000e44d100000,0x000000e44d200000)]
  0x00000234e1a3e800 JavaThread "Unconstrained build operations Thread 91" [_thread_blocked, id=25804, stack(0x000000e44d200000,0x000000e44d300000)]
  0x00000234e1a45000 JavaThread "Unconstrained build operations Thread 92" [_thread_blocked, id=12700, stack(0x000000e44d300000,0x000000e44d400000)]
  0x00000234e1a46000 JavaThread "Unconstrained build operations Thread 93" [_thread_blocked, id=12696, stack(0x000000e44d400000,0x000000e44d500000)]
  0x00000234dfd19800 JavaThread "Unconstrained build operations Thread 94" [_thread_blocked, id=1208, stack(0x000000e44d500000,0x000000e44d600000)]
  0x00000234dfd1c800 JavaThread "Unconstrained build operations Thread 95" [_thread_blocked, id=24984, stack(0x000000e44d600000,0x000000e44d700000)]
  0x00000234dfd1b000 JavaThread "Unconstrained build operations Thread 96" [_thread_blocked, id=26264, stack(0x000000e44d700000,0x000000e44d800000)]
  0x00000234dfd1a800 JavaThread "Unconstrained build operations Thread 97" [_thread_blocked, id=23016, stack(0x000000e44d800000,0x000000e44d900000)]
  0x00000234dfd21800 JavaThread "Unconstrained build operations Thread 98" [_thread_blocked, id=24440, stack(0x000000e44d900000,0x000000e44da00000)]
  0x00000234dfd1d800 JavaThread "Unconstrained build operations Thread 99" [_thread_blocked, id=8868, stack(0x000000e44da00000,0x000000e44db00000)]
  0x00000234dfd1f000 JavaThread "Unconstrained build operations Thread 100" [_thread_blocked, id=15808, stack(0x000000e44db00000,0x000000e44dc00000)]
  0x00000234dfd1e800 JavaThread "Unconstrained build operations Thread 101" [_thread_blocked, id=1748, stack(0x000000e44dc00000,0x000000e44dd00000)]
  0x00000234dfd21000 JavaThread "Unconstrained build operations Thread 102" [_thread_blocked, id=23640, stack(0x000000e44dd00000,0x000000e44de00000)]
  0x00000234dfd20000 JavaThread "Unconstrained build operations Thread 103" [_thread_blocked, id=19740, stack(0x000000e44de00000,0x000000e44df00000)]
  0x00000234dfd1c000 JavaThread "Unconstrained build operations Thread 104" [_thread_blocked, id=7252, stack(0x000000e44df00000,0x000000e44e000000)]
  0x00000234dfd24000 JavaThread "Unconstrained build operations Thread 105" [_thread_blocked, id=12436, stack(0x000000e44e000000,0x000000e44e100000)]
  0x00000234dfd25000 JavaThread "Unconstrained build operations Thread 106" [_thread_blocked, id=13472, stack(0x000000e44e100000,0x000000e44e200000)]
  0x00000234dfd25800 JavaThread "Unconstrained build operations Thread 107" [_thread_blocked, id=23968, stack(0x000000e44e200000,0x000000e44e300000)]
  0x00000234dfd28000 JavaThread "Unconstrained build operations Thread 108" [_thread_blocked, id=25756, stack(0x000000e44e300000,0x000000e44e400000)]
  0x00000234dfd23800 JavaThread "Unconstrained build operations Thread 109" [_thread_blocked, id=13440, stack(0x000000e44e400000,0x000000e44e500000)]
  0x00000234dfd26800 JavaThread "Unconstrained build operations Thread 110" [_thread_blocked, id=25128, stack(0x000000e44e500000,0x000000e44e600000)]
  0x00000234dfd22800 JavaThread "Unconstrained build operations Thread 111" [_thread_blocked, id=13956, stack(0x000000e44e600000,0x000000e44e700000)]
  0x00000234dfd27800 JavaThread "Unconstrained build operations Thread 112" [_thread_blocked, id=26468, stack(0x000000e44e700000,0x000000e44e800000)]
  0x00000234dd612000 JavaThread "Unconstrained build operations Thread 113" [_thread_blocked, id=20068, stack(0x000000e44e800000,0x000000e44e900000)]
  0x00000234dd60f800 JavaThread "Unconstrained build operations Thread 114" [_thread_blocked, id=10588, stack(0x000000e44e900000,0x000000e44ea00000)]
  0x00000234dd610800 JavaThread "Unconstrained build operations Thread 115" [_thread_blocked, id=23060, stack(0x000000e44ea00000,0x000000e44eb00000)]
  0x00000234dd60e800 JavaThread "Unconstrained build operations Thread 116" [_thread_blocked, id=11420, stack(0x000000e44eb00000,0x000000e44ec00000)]
  0x00000234dd60e000 JavaThread "Unconstrained build operations Thread 117" [_thread_blocked, id=26232, stack(0x000000e44ec00000,0x000000e44ed00000)]
  0x00000234dd611000 JavaThread "Unconstrained build operations Thread 118" [_thread_blocked, id=13536, stack(0x000000e44ed00000,0x000000e44ee00000)]
  0x00000234dd60c800 JavaThread "Unconstrained build operations Thread 119" [_thread_blocked, id=528, stack(0x000000e44ee00000,0x000000e44ef00000)]
  0x00000234dd613000 JavaThread "Unconstrained build operations Thread 120" [_thread_blocked, id=17576, stack(0x000000e44ef00000,0x000000e44f000000)]
  0x00000234dd60d000 JavaThread "File lock release action executor" [_thread_blocked, id=18336, stack(0x000000e44f200000,0x000000e44f300000)]

Other Threads:
=>0x00000234da494000 VMThread "VM Thread" [stack: 0x000000e442d00000,0x000000e442e00000] [id=14296]
  0x00000234dafc1000 WatcherThread [stack: 0x000000e443700000,0x000000e443800000] [id=9620]
  0x00000234bc028000 GCTaskThread "GC Thread#0" [stack: 0x000000e442800000,0x000000e442900000] [id=25448]
  0x00000234dc009000 GCTaskThread "GC Thread#1" [stack: 0x000000e443800000,0x000000e443900000] [id=512]
  0x00000234db1b4000 GCTaskThread "GC Thread#2" [stack: 0x000000e444300000,0x000000e444400000] [id=2908]
  0x00000234dceed800 GCTaskThread "GC Thread#3" [stack: 0x000000e444400000,0x000000e444500000] [id=24788]
  0x00000234dceee000 GCTaskThread "GC Thread#4" [stack: 0x000000e444500000,0x000000e444600000] [id=21884]
  0x00000234dceef800 GCTaskThread "GC Thread#5" [stack: 0x000000e444600000,0x000000e444700000] [id=16480]
  0x00000234dcef0800 GCTaskThread "GC Thread#6" [stack: 0x000000e444700000,0x000000e444800000] [id=9596]
  0x00000234dcef1000 GCTaskThread "GC Thread#7" [stack: 0x000000e444800000,0x000000e444900000] [id=26448]
  0x00000234dcef2800 GCTaskThread "GC Thread#8" [stack: 0x000000e444900000,0x000000e444a00000] [id=18920]
  0x00000234dcef7000 GCTaskThread "GC Thread#9" [stack: 0x000000e444a00000,0x000000e444b00000] [id=1688]
  0x00000234bc059000 ConcurrentGCThread "G1 Main Marker" [stack: 0x000000e442900000,0x000000e442a00000] [id=5348]
  0x00000234bc05b800 ConcurrentGCThread "G1 Conc#0" [stack: 0x000000e442a00000,0x000000e442b00000] [id=26532]
  0x00000234dd111000 ConcurrentGCThread "G1 Conc#1" [stack: 0x000000e444e00000,0x000000e444f00000] [id=9788]
  0x00000234dd112800 ConcurrentGCThread "G1 Conc#2" [stack: 0x000000e444f00000,0x000000e445000000] [id=25088]
  0x00000234bc0de000 ConcurrentGCThread "G1 Refine#0" [stack: 0x000000e442b00000,0x000000e442c00000] [id=24904]
  0x00000234db98f000 ConcurrentGCThread "G1 Refine#1" [stack: 0x000000e444b00000,0x000000e444c00000] [id=24732]
  0x00000234dc0b2800 ConcurrentGCThread "G1 Refine#2" [stack: 0x000000e444c00000,0x000000e444d00000] [id=14076]
  0x00000234da306800 ConcurrentGCThread "G1 Young RemSet Sampling" [stack: 0x000000e442c00000,0x000000e442d00000] [id=17448]

Threads with active compile tasks:
C2 CompilerThread0    56194 11633       4       java.lang.invoke.InvokerBytecodeGenerator::emitPushArgument (120 bytes)
C1 CompilerThread0    56194 11723       2       kotlin.text.StringsKt__StringsKt::contains$default (15 bytes)

VM state:at safepoint (normal execution)

VM Mutex/Monitor currently owned by a thread:  ([mutex/lock_event])
[0x00000234bc00d9d0] Threads_lock - owner thread: 0x00000234da494000
[0x00000234bc00be40] Heap_lock - owner thread: 0x00000234da4cd800

Heap address: 0x0000000080000000, size: 2048 MB, Compressed Oops mode: 32-bit
Narrow klass base: 0x0000000000000000, Narrow klass shift: 3
Compressed class space size: 528482304 Address: 0x0000000100000000

Heap:
 garbage-first heap   total 346112K, used 123775K [0x0000000080000000, 0x0000000100000000)
  region size 1024K, 2 young (2048K), 2 survivors (2048K)
 Metaspace       used 100510K, capacity 104284K, committed 104356K, reserved 606208K
  class space    used 13471K, capacity 14971K, committed 14976K, reserved 516096K
Heap Regions: E=young(eden), S=young(survivor), O=old, HS=humongous(starts), HC=humongous(continues), CS=collection set, F=free, A=archive, TAMS=top-at-mark-start (previous, next)
|   0|0x0000000080000000, 0x0000000080100000, 0x0000000080100000|100%|HS|  |TAMS 0x0000000080100000, 0x0000000080100000| Complete 
|   1|0x0000000080100000, 0x0000000080200000, 0x0000000080200000|100%|HC|  |TAMS 0x0000000080200000, 0x0000000080200000| Complete 
|   2|0x0000000080200000, 0x0000000080300000, 0x0000000080300000|100%|HC|  |TAMS 0x0000000080300000, 0x0000000080300000| Complete 
|   3|0x0000000080300000, 0x0000000080400000, 0x0000000080400000|100%|HC|  |TAMS 0x0000000080400000, 0x0000000080400000| Complete 
|   4|0x0000000080400000, 0x0000000080500000, 0x0000000080500000|100%| O|  |TAMS 0x0000000080500000, 0x0000000080500000| Untracked 
|   5|0x0000000080500000, 0x0000000080600000, 0x0000000080600000|100%| O|  |TAMS 0x0000000080600000, 0x0000000080600000| Untracked 
|   6|0x0000000080600000, 0x0000000080700000, 0x0000000080700000|100%| O|  |TAMS 0x0000000080700000, 0x0000000080700000| Untracked 
|   7|0x0000000080700000, 0x0000000080800000, 0x0000000080800000|100%| O|  |TAMS 0x0000000080800000, 0x0000000080800000| Untracked 
|   8|0x0000000080800000, 0x0000000080900000, 0x0000000080900000|100%| O|  |TAMS 0x0000000080900000, 0x0000000080900000| Untracked 
|   9|0x0000000080900000, 0x0000000080a00000, 0x0000000080a00000|100%| O|  |TAMS 0x0000000080a00000, 0x0000000080a00000| Untracked 
|  10|0x0000000080a00000, 0x0000000080b00000, 0x0000000080b00000|100%| O|  |TAMS 0x0000000080b00000, 0x0000000080b00000| Untracked 
|  11|0x0000000080b00000, 0x0000000080c00000, 0x0000000080c00000|100%| O|  |TAMS 0x0000000080c00000, 0x0000000080c00000| Untracked 
|  12|0x0000000080c00000, 0x0000000080d00000, 0x0000000080d00000|100%| O|  |TAMS 0x0000000080d00000, 0x0000000080d00000| Untracked 
|  13|0x0000000080d00000, 0x0000000080e00000, 0x0000000080e00000|100%| O|  |TAMS 0x0000000080e00000, 0x0000000080e00000| Untracked 
|  14|0x0000000080e00000, 0x0000000080f00000, 0x0000000080f00000|100%| O|  |TAMS 0x0000000080f00000, 0x0000000080f00000| Untracked 
|  15|0x0000000080f00000, 0x0000000081000000, 0x0000000081000000|100%| O|  |TAMS 0x0000000081000000, 0x0000000081000000| Untracked 
|  16|0x0000000081000000, 0x0000000081100000, 0x0000000081100000|100%| O|  |TAMS 0x0000000081100000, 0x0000000081100000| Untracked 
|  17|0x0000000081100000, 0x0000000081200000, 0x0000000081200000|100%| O|  |TAMS 0x0000000081200000, 0x0000000081200000| Untracked 
|  18|0x0000000081200000, 0x0000000081300000, 0x0000000081300000|100%| O|  |TAMS 0x0000000081300000, 0x0000000081300000| Untracked 
|  19|0x0000000081300000, 0x0000000081400000, 0x0000000081400000|100%| O|  |TAMS 0x0000000081400000, 0x0000000081400000| Untracked 
|  20|0x0000000081400000, 0x0000000081500000, 0x0000000081500000|100%| O|  |TAMS 0x0000000081500000, 0x0000000081500000| Untracked 
|  21|0x0000000081500000, 0x0000000081600000, 0x0000000081600000|100%| O|  |TAMS 0x0000000081600000, 0x0000000081600000| Untracked 
|  22|0x0000000081600000, 0x0000000081700000, 0x0000000081700000|100%| O|  |TAMS 0x0000000081700000, 0x0000000081700000| Untracked 
|  23|0x0000000081700000, 0x0000000081800000, 0x0000000081800000|100%| O|  |TAMS 0x0000000081800000, 0x0000000081800000| Untracked 
|  24|0x0000000081800000, 0x0000000081900000, 0x0000000081900000|100%| O|  |TAMS 0x0000000081900000, 0x0000000081900000| Untracked 
|  25|0x0000000081900000, 0x0000000081a00000, 0x0000000081a00000|100%| O|  |TAMS 0x0000000081a00000, 0x0000000081a00000| Untracked 
|  26|0x0000000081a00000, 0x0000000081b00000, 0x0000000081b00000|100%| O|  |TAMS 0x0000000081b00000, 0x0000000081b00000| Untracked 
|  27|0x0000000081b00000, 0x0000000081c00000, 0x0000000081c00000|100%| O|  |TAMS 0x0000000081c00000, 0x0000000081c00000| Untracked 
|  28|0x0000000081c00000, 0x0000000081d00000, 0x0000000081d00000|100%| O|  |TAMS 0x0000000081d00000, 0x0000000081d00000| Untracked 
|  29|0x0000000081d00000, 0x0000000081e00000, 0x0000000081e00000|100%| O|  |TAMS 0x0000000081e00000, 0x0000000081e00000| Untracked 
|  30|0x0000000081e00000, 0x0000000081f00000, 0x0000000081f00000|100%| O|  |TAMS 0x0000000081f00000, 0x0000000081f00000| Untracked 
|  31|0x0000000081f00000, 0x0000000082000000, 0x0000000082000000|100%| O|  |TAMS 0x0000000082000000, 0x0000000082000000| Untracked 
|  32|0x0000000082000000, 0x0000000082100000, 0x0000000082100000|100%|HS|  |TAMS 0x0000000082100000, 0x0000000082100000| Complete 
|  33|0x0000000082100000, 0x0000000082200000, 0x0000000082200000|100%|HC|  |TAMS 0x0000000082200000, 0x0000000082200000| Complete 
|  34|0x0000000082200000, 0x0000000082300000, 0x0000000082300000|100%|HS|  |TAMS 0x0000000082300000, 0x0000000082300000| Complete 
|  35|0x0000000082300000, 0x0000000082400000, 0x0000000082400000|100%|HC|  |TAMS 0x0000000082400000, 0x0000000082400000| Complete 
|  36|0x0000000082400000, 0x0000000082500000, 0x0000000082500000|100%|HC|  |TAMS 0x0000000082500000, 0x0000000082500000| Complete 
|  37|0x0000000082500000, 0x0000000082600000, 0x0000000082600000|100%|HC|  |TAMS 0x0000000082600000, 0x0000000082600000| Complete 
|  38|0x0000000082600000, 0x0000000082700000, 0x0000000082700000|100%| O|  |TAMS 0x0000000082700000, 0x0000000082700000| Untracked 
|  39|0x0000000082700000, 0x0000000082800000, 0x0000000082800000|100%| O|  |TAMS 0x0000000082800000, 0x0000000082800000| Untracked 
|  40|0x0000000082800000, 0x0000000082900000, 0x0000000082900000|100%| O|  |TAMS 0x0000000082900000, 0x0000000082900000| Untracked 
|  41|0x0000000082900000, 0x0000000082a00000, 0x0000000082a00000|100%| O|  |TAMS 0x0000000082a00000, 0x0000000082a00000| Untracked 
|  42|0x0000000082a00000, 0x0000000082b00000, 0x0000000082b00000|100%| O|  |TAMS 0x0000000082b00000, 0x0000000082b00000| Untracked 
|  43|0x0000000082b00000, 0x0000000082c00000, 0x0000000082c00000|100%| O|  |TAMS 0x0000000082c00000, 0x0000000082c00000| Untracked 
|  44|0x0000000082c00000, 0x0000000082d00000, 0x0000000082d00000|100%| O|  |TAMS 0x0000000082d00000, 0x0000000082d00000| Untracked 
|  45|0x0000000082d00000, 0x0000000082e00000, 0x0000000082e00000|100%| O|  |TAMS 0x0000000082e00000, 0x0000000082e00000| Untracked 
|  46|0x0000000082e00000, 0x0000000082f00000, 0x0000000082f00000|100%| O|  |TAMS 0x0000000082f00000, 0x0000000082f00000| Untracked 
|  47|0x0000000082f00000, 0x0000000083000000, 0x0000000083000000|100%| O|  |TAMS 0x0000000083000000, 0x0000000083000000| Untracked 
|  48|0x0000000083000000, 0x0000000083100000, 0x0000000083100000|100%| O|  |TAMS 0x0000000083100000, 0x0000000083100000| Untracked 
|  49|0x0000000083100000, 0x0000000083200000, 0x0000000083200000|100%| O|  |TAMS 0x0000000083200000, 0x0000000083200000| Untracked 
|  50|0x0000000083200000, 0x0000000083300000, 0x0000000083300000|100%| O|  |TAMS 0x0000000083300000, 0x0000000083300000| Untracked 
|  51|0x0000000083300000, 0x0000000083400000, 0x0000000083400000|100%| O|  |TAMS 0x0000000083400000, 0x0000000083400000| Untracked 
|  52|0x0000000083400000, 0x0000000083500000, 0x0000000083500000|100%| O|  |TAMS 0x0000000083500000, 0x0000000083500000| Untracked 
|  53|0x0000000083500000, 0x0000000083600000, 0x0000000083600000|100%| O|  |TAMS 0x0000000083600000, 0x0000000083600000| Untracked 
|  54|0x0000000083600000, 0x0000000083700000, 0x0000000083700000|100%| O|  |TAMS 0x0000000083700000, 0x0000000083700000| Untracked 
|  55|0x0000000083700000, 0x0000000083800000, 0x0000000083800000|100%| O|  |TAMS 0x0000000083800000, 0x0000000083800000| Untracked 
|  56|0x0000000083800000, 0x0000000083900000, 0x0000000083900000|100%| O|  |TAMS 0x0000000083900000, 0x0000000083900000| Untracked 
|  57|0x0000000083900000, 0x0000000083a00000, 0x0000000083a00000|100%| O|  |TAMS 0x0000000083a00000, 0x0000000083a00000| Untracked 
|  58|0x0000000083a00000, 0x0000000083b00000, 0x0000000083b00000|100%|HS|  |TAMS 0x0000000083b00000, 0x0000000083b00000| Complete 
|  59|0x0000000083b00000, 0x0000000083c00000, 0x0000000083c00000|100%| O|  |TAMS 0x0000000083c00000, 0x0000000083c00000| Untracked 
|  60|0x0000000083c00000, 0x0000000083d00000, 0x0000000083d00000|100%| O|  |TAMS 0x0000000083d00000, 0x0000000083d00000| Untracked 
|  61|0x0000000083d00000, 0x0000000083e00000, 0x0000000083e00000|100%|HS|  |TAMS 0x0000000083e00000, 0x0000000083e00000| Complete 
|  62|0x0000000083e00000, 0x0000000083f00000, 0x0000000083f00000|100%| O|  |TAMS 0x0000000083f00000, 0x0000000083f00000| Untracked 
|  63|0x0000000083f00000, 0x0000000084000000, 0x0000000084000000|100%| O|  |TAMS 0x0000000084000000, 0x0000000084000000| Untracked 
|  64|0x0000000084000000, 0x0000000084100000, 0x0000000084100000|100%| O|  |TAMS 0x0000000084100000, 0x0000000084100000| Untracked 
|  65|0x0000000084100000, 0x0000000084200000, 0x0000000084200000|100%| O|  |TAMS 0x0000000084200000, 0x0000000084200000| Untracked 
|  66|0x0000000084200000, 0x0000000084300000, 0x0000000084300000|100%| O|  |TAMS 0x0000000084300000, 0x0000000084300000| Untracked 
|  67|0x0000000084300000, 0x0000000084400000, 0x0000000084400000|100%| O|  |TAMS 0x0000000084400000, 0x0000000084400000| Untracked 
|  68|0x0000000084400000, 0x0000000084500000, 0x0000000084500000|100%| O|  |TAMS 0x0000000084500000, 0x0000000084500000| Untracked 
|  69|0x0000000084500000, 0x0000000084600000, 0x0000000084600000|100%| O|  |TAMS 0x0000000084600000, 0x0000000084600000| Untracked 
|  70|0x0000000084600000, 0x0000000084700000, 0x0000000084700000|100%| O|  |TAMS 0x0000000084700000, 0x0000000084700000| Untracked 
|  71|0x0000000084700000, 0x0000000084800000, 0x0000000084800000|100%| O|  |TAMS 0x0000000084800000, 0x0000000084800000| Untracked 
|  72|0x0000000084800000, 0x0000000084900000, 0x0000000084900000|100%| O|  |TAMS 0x0000000084900000, 0x0000000084900000| Untracked 
|  73|0x0000000084900000, 0x0000000084a00000, 0x0000000084a00000|100%| O|  |TAMS 0x0000000084a00000, 0x0000000084a00000| Untracked 
|  74|0x0000000084a00000, 0x0000000084b00000, 0x0000000084b00000|100%| O|  |TAMS 0x0000000084b00000, 0x0000000084b00000| Untracked 
|  75|0x0000000084b00000, 0x0000000084c00000, 0x0000000084c00000|100%| O|  |TAMS 0x0000000084c00000, 0x0000000084c00000| Untracked 
|  76|0x0000000084c00000, 0x0000000084d00000, 0x0000000084d00000|100%| O|  |TAMS 0x0000000084d00000, 0x0000000084d00000| Untracked 
|  77|0x0000000084d00000, 0x0000000084e00000, 0x0000000084e00000|100%| O|  |TAMS 0x0000000084e00000, 0x0000000084e00000| Untracked 
|  78|0x0000000084e00000, 0x0000000084f00000, 0x0000000084f00000|100%| O|  |TAMS 0x0000000084f00000, 0x0000000084f00000| Untracked 
|  79|0x0000000084f00000, 0x0000000085000000, 0x0000000085000000|100%| O|  |TAMS 0x0000000085000000, 0x0000000085000000| Untracked 
|  80|0x0000000085000000, 0x0000000085100000, 0x0000000085100000|100%| O|  |TAMS 0x0000000085100000, 0x0000000085100000| Untracked 
|  81|0x0000000085100000, 0x0000000085200000, 0x0000000085200000|100%| O|  |TAMS 0x0000000085200000, 0x0000000085200000| Untracked 
|  82|0x0000000085200000, 0x0000000085300000, 0x0000000085300000|100%| O|  |TAMS 0x0000000085300000, 0x0000000085300000| Untracked 
|  83|0x0000000085300000, 0x0000000085400000, 0x0000000085400000|100%| O|  |TAMS 0x0000000085400000, 0x0000000085400000| Untracked 
|  84|0x0000000085400000, 0x0000000085500000, 0x0000000085500000|100%| O|  |TAMS 0x0000000085500000, 0x0000000085500000| Untracked 
|  85|0x0000000085500000, 0x0000000085600000, 0x0000000085600000|100%| O|  |TAMS 0x0000000085600000, 0x0000000085600000| Untracked 
|  86|0x0000000085600000, 0x0000000085700000, 0x0000000085700000|100%| O|  |TAMS 0x0000000085700000, 0x0000000085700000| Untracked 
|  87|0x0000000085700000, 0x0000000085800000, 0x0000000085800000|100%| O|  |TAMS 0x0000000085800000, 0x0000000085800000| Untracked 
|  88|0x0000000085800000, 0x0000000085900000, 0x0000000085900000|100%|HS|  |TAMS 0x0000000085900000, 0x0000000085900000| Complete 
|  89|0x0000000085900000, 0x0000000085a00000, 0x0000000085a00000|100%|HS|  |TAMS 0x0000000085a00000, 0x0000000085a00000| Complete 
|  90|0x0000000085a00000, 0x0000000085b00000, 0x0000000085b00000|100%|HS|  |TAMS 0x0000000085b00000, 0x0000000085b00000| Complete 
|  91|0x0000000085b00000, 0x0000000085c00000, 0x0000000085c00000|100%| O|  |TAMS 0x0000000085c00000, 0x0000000085c00000| Untracked 
|  92|0x0000000085c00000, 0x0000000085d00000, 0x0000000085d00000|100%|HS|  |TAMS 0x0000000085d00000, 0x0000000085d00000| Complete 
|  93|0x0000000085d00000, 0x0000000085e00000, 0x0000000085e00000|100%|HC|  |TAMS 0x0000000085e00000, 0x0000000085e00000| Complete 
|  94|0x0000000085e00000, 0x0000000085f00000, 0x0000000085f00000|100%|HC|  |TAMS 0x0000000085f00000, 0x0000000085f00000| Complete 
|  95|0x0000000085f00000, 0x0000000086000000, 0x0000000086000000|100%| O|  |TAMS 0x0000000086000000, 0x0000000086000000| Untracked 
|  96|0x0000000086000000, 0x0000000086100000, 0x0000000086100000|100%| O|  |TAMS 0x0000000086100000, 0x0000000086100000| Untracked 
|  97|0x0000000086100000, 0x0000000086200000, 0x0000000086200000|100%| O|  |TAMS 0x0000000086200000, 0x0000000086200000| Untracked 
|  98|0x0000000086200000, 0x0000000086300000, 0x0000000086300000|100%|HS|  |TAMS 0x0000000086300000, 0x0000000086300000| Complete 
|  99|0x0000000086300000, 0x0000000086400000, 0x0000000086400000|100%|HC|  |TAMS 0x0000000086400000, 0x0000000086400000| Complete 
| 100|0x0000000086400000, 0x0000000086500000, 0x0000000086500000|100%| O|  |TAMS 0x0000000086500000, 0x0000000086500000| Untracked 
| 101|0x0000000086500000, 0x0000000086600000, 0x0000000086600000|100%| O|  |TAMS 0x0000000086600000, 0x0000000086600000| Untracked 
| 102|0x0000000086600000, 0x0000000086700000, 0x0000000086700000|100%| O|  |TAMS 0x0000000086700000, 0x0000000086700000| Untracked 
| 103|0x0000000086700000, 0x0000000086800000, 0x0000000086800000|100%| O|  |TAMS 0x0000000086800000, 0x0000000086800000| Untracked 
| 104|0x0000000086800000, 0x0000000086900000, 0x0000000086900000|100%| O|  |TAMS 0x0000000086900000, 0x0000000086900000| Untracked 
| 105|0x0000000086900000, 0x0000000086a00000, 0x0000000086a00000|100%| O|  |TAMS 0x0000000086a00000, 0x0000000086a00000| Untracked 
| 106|0x0000000086a00000, 0x0000000086b00000, 0x0000000086b00000|100%| O|  |TAMS 0x0000000086b00000, 0x0000000086b00000| Untracked 
| 107|0x0000000086b00000, 0x0000000086c00000, 0x0000000086c00000|100%| O|  |TAMS 0x0000000086c00000, 0x0000000086c00000| Untracked 
| 108|0x0000000086c00000, 0x0000000086d00000, 0x0000000086d00000|100%| O|  |TAMS 0x0000000086d00000, 0x0000000086d00000| Untracked 
| 109|0x0000000086d00000, 0x0000000086e00000, 0x0000000086e00000|100%|HS|  |TAMS 0x0000000086e00000, 0x0000000086e00000| Complete 
| 110|0x0000000086e00000, 0x0000000086f00000, 0x0000000086f00000|100%|HS|  |TAMS 0x0000000086f00000, 0x0000000086f00000| Complete 
| 111|0x0000000086f00000, 0x0000000087000000, 0x0000000087000000|100%| O|  |TAMS 0x0000000087000000, 0x0000000087000000| Untracked 
| 112|0x0000000087000000, 0x0000000087100000, 0x0000000087100000|100%| O|  |TAMS 0x0000000087093e00, 0x0000000087100000| Untracked 
| 113|0x0000000087100000, 0x0000000087200000, 0x0000000087200000|100%| O|  |TAMS 0x0000000087100000, 0x0000000087200000| Untracked 
| 114|0x0000000087200000, 0x0000000087300000, 0x0000000087300000|100%| O|  |TAMS 0x0000000087200000, 0x0000000087300000| Untracked 
| 115|0x0000000087300000, 0x0000000087400000, 0x0000000087400000|100%| O|  |TAMS 0x0000000087300000, 0x0000000087400000| Untracked 
| 116|0x0000000087400000, 0x0000000087500000, 0x0000000087500000|100%| O|  |TAMS 0x0000000087400000, 0x0000000087500000| Untracked 
| 117|0x0000000087500000, 0x0000000087600000, 0x0000000087600000|100%| O|  |TAMS 0x0000000087500000, 0x0000000087600000| Untracked 
| 118|0x0000000087600000, 0x00000000876e4200, 0x0000000087700000| 89%| O|  |TAMS 0x0000000087600000, 0x00000000876e4200| Untracked 
| 119|0x0000000087700000, 0x0000000087700000, 0x0000000087800000|  0%| F|  |TAMS 0x0000000087700000, 0x0000000087700000| Untracked 
| 120|0x0000000087800000, 0x0000000087800000, 0x0000000087900000|  0%| F|  |TAMS 0x0000000087800000, 0x0000000087800000| Untracked 
| 121|0x0000000087900000, 0x0000000087900000, 0x0000000087a00000|  0%| F|  |TAMS 0x0000000087900000, 0x0000000087900000| Untracked 
| 122|0x0000000087a00000, 0x0000000087a00000, 0x0000000087b00000|  0%| F|  |TAMS 0x0000000087a00000, 0x0000000087a00000| Untracked 
| 123|0x0000000087b00000, 0x0000000087b00000, 0x0000000087c00000|  0%| F|  |TAMS 0x0000000087b00000, 0x0000000087b00000| Untracked 
| 124|0x0000000087c00000, 0x0000000087c00000, 0x0000000087d00000|  0%| F|  |TAMS 0x0000000087c00000, 0x0000000087c00000| Untracked 
| 125|0x0000000087d00000, 0x0000000087d00000, 0x0000000087e00000|  0%| F|  |TAMS 0x0000000087d00000, 0x0000000087d00000| Untracked 
| 126|0x0000000087e00000, 0x0000000087e00000, 0x0000000087f00000|  0%| F|  |TAMS 0x0000000087e00000, 0x0000000087e00000| Untracked 
| 127|0x0000000087f00000, 0x0000000087f00000, 0x0000000088000000|  0%| F|  |TAMS 0x0000000087f00000, 0x0000000087f00000| Untracked 
| 128|0x0000000088000000, 0x0000000088000000, 0x0000000088100000|  0%| F|  |TAMS 0x0000000088000000, 0x0000000088000000| Untracked 
| 129|0x0000000088100000, 0x0000000088100000, 0x0000000088200000|  0%| F|  |TAMS 0x0000000088100000, 0x0000000088100000| Untracked 
| 130|0x0000000088200000, 0x0000000088200000, 0x0000000088300000|  0%| F|  |TAMS 0x0000000088200000, 0x0000000088200000| Untracked 
| 131|0x0000000088300000, 0x0000000088300000, 0x0000000088400000|  0%| F|  |TAMS 0x0000000088300000, 0x0000000088300000| Untracked 
| 132|0x0000000088400000, 0x0000000088400000, 0x0000000088500000|  0%| F|  |TAMS 0x0000000088400000, 0x0000000088400000| Untracked 
| 133|0x0000000088500000, 0x0000000088500000, 0x0000000088600000|  0%| F|  |TAMS 0x0000000088500000, 0x0000000088500000| Untracked 
| 134|0x0000000088600000, 0x0000000088600000, 0x0000000088700000|  0%| F|  |TAMS 0x0000000088600000, 0x0000000088600000| Untracked 
| 135|0x0000000088700000, 0x0000000088700000, 0x0000000088800000|  0%| F|  |TAMS 0x0000000088700000, 0x0000000088700000| Untracked 
| 136|0x0000000088800000, 0x0000000088800000, 0x0000000088900000|  0%| F|  |TAMS 0x0000000088800000, 0x0000000088800000| Untracked 
| 137|0x0000000088900000, 0x0000000088900000, 0x0000000088a00000|  0%| F|  |TAMS 0x0000000088900000, 0x0000000088900000| Untracked 
| 138|0x0000000088a00000, 0x0000000088a00000, 0x0000000088b00000|  0%| F|  |TAMS 0x0000000088a00000, 0x0000000088a00000| Untracked 
| 139|0x0000000088b00000, 0x0000000088b00000, 0x0000000088c00000|  0%| F|  |TAMS 0x0000000088b00000, 0x0000000088b00000| Untracked 
| 140|0x0000000088c00000, 0x0000000088c00000, 0x0000000088d00000|  0%| F|  |TAMS 0x0000000088c00000, 0x0000000088c00000| Untracked 
| 141|0x0000000088d00000, 0x0000000088d00000, 0x0000000088e00000|  0%| F|  |TAMS 0x0000000088d00000, 0x0000000088d00000| Untracked 
| 142|0x0000000088e00000, 0x0000000088e00000, 0x0000000088f00000|  0%| F|  |TAMS 0x0000000088e00000, 0x0000000088e00000| Untracked 
| 143|0x0000000088f00000, 0x0000000088f00000, 0x0000000089000000|  0%| F|  |TAMS 0x0000000088f00000, 0x0000000088f00000| Untracked 
| 144|0x0000000089000000, 0x0000000089000000, 0x0000000089100000|  0%| F|  |TAMS 0x0000000089000000, 0x0000000089000000| Untracked 
| 145|0x0000000089100000, 0x0000000089100000, 0x0000000089200000|  0%| F|  |TAMS 0x0000000089100000, 0x0000000089100000| Untracked 
| 146|0x0000000089200000, 0x0000000089200000, 0x0000000089300000|  0%| F|  |TAMS 0x0000000089200000, 0x0000000089200000| Untracked 
| 147|0x0000000089300000, 0x0000000089300000, 0x0000000089400000|  0%| F|  |TAMS 0x0000000089300000, 0x0000000089300000| Untracked 
| 148|0x0000000089400000, 0x0000000089400000, 0x0000000089500000|  0%| F|  |TAMS 0x0000000089400000, 0x0000000089400000| Untracked 
| 149|0x0000000089500000, 0x0000000089500000, 0x0000000089600000|  0%| F|  |TAMS 0x0000000089500000, 0x0000000089500000| Untracked 
| 150|0x0000000089600000, 0x0000000089600000, 0x0000000089700000|  0%| F|  |TAMS 0x0000000089600000, 0x0000000089600000| Untracked 
| 151|0x0000000089700000, 0x0000000089700000, 0x0000000089800000|  0%| F|  |TAMS 0x0000000089700000, 0x0000000089700000| Untracked 
| 152|0x0000000089800000, 0x0000000089800000, 0x0000000089900000|  0%| F|  |TAMS 0x0000000089800000, 0x0000000089800000| Untracked 
| 153|0x0000000089900000, 0x0000000089900000, 0x0000000089a00000|  0%| F|  |TAMS 0x0000000089900000, 0x0000000089900000| Untracked 
| 154|0x0000000089a00000, 0x0000000089a00000, 0x0000000089b00000|  0%| F|  |TAMS 0x0000000089a00000, 0x0000000089a00000| Untracked 
| 155|0x0000000089b00000, 0x0000000089b00000, 0x0000000089c00000|  0%| F|  |TAMS 0x0000000089b00000, 0x0000000089b00000| Untracked 
| 156|0x0000000089c00000, 0x0000000089c00000, 0x0000000089d00000|  0%| F|  |TAMS 0x0000000089c00000, 0x0000000089c00000| Untracked 
| 157|0x0000000089d00000, 0x0000000089d00000, 0x0000000089e00000|  0%| F|  |TAMS 0x0000000089d00000, 0x0000000089d00000| Untracked 
| 158|0x0000000089e00000, 0x0000000089e00000, 0x0000000089f00000|  0%| F|  |TAMS 0x0000000089e00000, 0x0000000089e00000| Untracked 
| 159|0x0000000089f00000, 0x0000000089f00000, 0x000000008a000000|  0%| F|  |TAMS 0x0000000089f00000, 0x0000000089f00000| Untracked 
| 160|0x000000008a000000, 0x000000008a000000, 0x000000008a100000|  0%| F|  |TAMS 0x000000008a000000, 0x000000008a000000| Untracked 
| 161|0x000000008a100000, 0x000000008a100000, 0x000000008a200000|  0%| F|  |TAMS 0x000000008a100000, 0x000000008a100000| Untracked 
| 162|0x000000008a200000, 0x000000008a200000, 0x000000008a300000|  0%| F|  |TAMS 0x000000008a200000, 0x000000008a200000| Untracked 
| 163|0x000000008a300000, 0x000000008a3fbac0, 0x000000008a400000| 98%| S|CS|TAMS 0x000000008a300000, 0x000000008a300000| Complete 
| 164|0x000000008a400000, 0x000000008a500000, 0x000000008a500000|100%| S|CS|TAMS 0x000000008a400000, 0x000000008a400000| Complete 
| 165|0x000000008a500000, 0x000000008a500000, 0x000000008a600000|  0%| F|  |TAMS 0x000000008a500000, 0x000000008a500000| Untracked 
| 166|0x000000008a600000, 0x000000008a600000, 0x000000008a700000|  0%| F|  |TAMS 0x000000008a600000, 0x000000008a600000| Untracked 
| 167|0x000000008a700000, 0x000000008a700000, 0x000000008a800000|  0%| F|  |TAMS 0x000000008a700000, 0x000000008a700000| Untracked 
| 168|0x000000008a800000, 0x000000008a800000, 0x000000008a900000|  0%| F|  |TAMS 0x000000008a800000, 0x000000008a800000| Untracked 
| 169|0x000000008a900000, 0x000000008a900000, 0x000000008aa00000|  0%| F|  |TAMS 0x000000008a900000, 0x000000008a900000| Untracked 
| 170|0x000000008aa00000, 0x000000008aa00000, 0x000000008ab00000|  0%| F|  |TAMS 0x000000008aa00000, 0x000000008aa00000| Untracked 
| 171|0x000000008ab00000, 0x000000008ab00000, 0x000000008ac00000|  0%| F|  |TAMS 0x000000008ab00000, 0x000000008ab00000| Untracked 
| 172|0x000000008ac00000, 0x000000008ac00000, 0x000000008ad00000|  0%| F|  |TAMS 0x000000008ac00000, 0x000000008ac00000| Untracked 
| 173|0x000000008ad00000, 0x000000008ad00000, 0x000000008ae00000|  0%| F|  |TAMS 0x000000008ad00000, 0x000000008ad00000| Untracked 
| 174|0x000000008ae00000, 0x000000008ae00000, 0x000000008af00000|  0%| F|  |TAMS 0x000000008ae00000, 0x000000008ae00000| Untracked 
| 175|0x000000008af00000, 0x000000008af00000, 0x000000008b000000|  0%| F|  |TAMS 0x000000008af00000, 0x000000008af00000| Untracked 
| 176|0x000000008b000000, 0x000000008b000000, 0x000000008b100000|  0%| F|  |TAMS 0x000000008b000000, 0x000000008b000000| Untracked 
| 177|0x000000008b100000, 0x000000008b100000, 0x000000008b200000|  0%| F|  |TAMS 0x000000008b100000, 0x000000008b100000| Untracked 
| 178|0x000000008b200000, 0x000000008b200000, 0x000000008b300000|  0%| F|  |TAMS 0x000000008b200000, 0x000000008b200000| Untracked 
| 179|0x000000008b300000, 0x000000008b300000, 0x000000008b400000|  0%| F|  |TAMS 0x000000008b300000, 0x000000008b300000| Untracked 
| 180|0x000000008b400000, 0x000000008b400000, 0x000000008b500000|  0%| F|  |TAMS 0x000000008b400000, 0x000000008b400000| Untracked 
| 181|0x000000008b500000, 0x000000008b500000, 0x000000008b600000|  0%| F|  |TAMS 0x000000008b500000, 0x000000008b500000| Untracked 
| 182|0x000000008b600000, 0x000000008b600000, 0x000000008b700000|  0%| F|  |TAMS 0x000000008b600000, 0x000000008b600000| Untracked 
| 183|0x000000008b700000, 0x000000008b700000, 0x000000008b800000|  0%| F|  |TAMS 0x000000008b700000, 0x000000008b700000| Untracked 
| 184|0x000000008b800000, 0x000000008b800000, 0x000000008b900000|  0%| F|  |TAMS 0x000000008b800000, 0x000000008b800000| Untracked 
| 185|0x000000008b900000, 0x000000008b900000, 0x000000008ba00000|  0%| F|  |TAMS 0x000000008b900000, 0x000000008b900000| Untracked 
| 186|0x000000008ba00000, 0x000000008ba00000, 0x000000008bb00000|  0%| F|  |TAMS 0x000000008ba00000, 0x000000008ba00000| Untracked 
| 187|0x000000008bb00000, 0x000000008bb00000, 0x000000008bc00000|  0%| F|  |TAMS 0x000000008bb00000, 0x000000008bb00000| Untracked 
| 188|0x000000008bc00000, 0x000000008bc00000, 0x000000008bd00000|  0%| F|  |TAMS 0x000000008bc00000, 0x000000008bc00000| Untracked 
| 189|0x000000008bd00000, 0x000000008bd00000, 0x000000008be00000|  0%| F|  |TAMS 0x000000008bd00000, 0x000000008bd00000| Untracked 
| 190|0x000000008be00000, 0x000000008be00000, 0x000000008bf00000|  0%| F|  |TAMS 0x000000008be00000, 0x000000008be00000| Untracked 
| 191|0x000000008bf00000, 0x000000008bf00000, 0x000000008c000000|  0%| F|  |TAMS 0x000000008bf00000, 0x000000008bf00000| Untracked 
| 192|0x000000008c000000, 0x000000008c000000, 0x000000008c100000|  0%| F|  |TAMS 0x000000008c000000, 0x000000008c000000| Untracked 

Card table byte_map: [0x00000234d3040000,0x00000234d3440000] _byte_map_base: 0x00000234d2c40000

Marking Bits (Prev, Next): (CMBitMap*) 0x00000234bc050410, (CMBitMap*) 0x00000234bc0503d8
 Prev Bits: [0x00000234d5840000, 0x00000234d7840000)
 Next Bits: [0x00000234d3840000, 0x00000234d5840000)

Polling page: 0x00000234bb7e0000

Metaspace:

Usage:
  Non-class:     87.22 MB capacity,    85.00 MB ( 97%) used,     1.89 MB (  2%) free+waste,   338.25 KB ( <1%) overhead. 
      Class:     14.62 MB capacity,    13.16 MB ( 90%) used,     1.31 MB (  9%) free+waste,   163.00 KB (  1%) overhead. 
       Both:    101.84 MB capacity,    98.15 MB ( 96%) used,     3.20 MB (  3%) free+waste,   501.25 KB ( <1%) overhead. 

Virtual space:
  Non-class space:       88.00 MB reserved,      87.29 MB (>99%) committed 
      Class space:      504.00 MB reserved,      14.62 MB (  3%) committed 
             Both:      592.00 MB reserved,     101.91 MB ( 17%) committed 

Chunk freelists:
   Non-Class:  384 bytes
       Class:  640 bytes
        Both:  1.00 KB

CodeHeap 'non-profiled nmethods': size=120000Kb used=5596Kb max_used=5596Kb free=114403Kb
 bounds [0x00000234cb1c0000, 0x00000234cb740000, 0x00000234d26f0000]
CodeHeap 'profiled nmethods': size=120000Kb used=24159Kb max_used=24159Kb free=95840Kb
 bounds [0x00000234c3c90000, 0x00000234c5430000, 0x00000234cb1c0000]
CodeHeap 'non-nmethods': size=5760Kb used=2329Kb max_used=2364Kb free=3430Kb
 bounds [0x00000234c36f0000, 0x00000234c3960000, 0x00000234c3c90000]
 total_blobs=12361 nmethods=11411 adapters=861
 compilation: enabled
              stopped_count=0, restarted_count=0
 full_count=0

Compilation events (10 events):
Event: 56.109 Thread 0x00000234da4c8800 11719       2       com.android.build.gradle.internal.cxx.settings.NameTable::addAll (83 bytes)
Event: 56.109 Thread 0x00000234da4c8800 nmethod 11719 0x00000234c5424910 code [0x00000234c5424b40, 0x00000234c5424fd8]
Event: 56.110 Thread 0x00000234da4c8800 11717       2       kotlin.collections.CollectionsKt__CollectionsJVMKt::copyToArrayOfAny (41 bytes)
Event: 56.110 Thread 0x00000234da4c8800 nmethod 11717 0x00000234c5425310 code [0x00000234c5425520, 0x00000234c54258a8]
Event: 56.110 Thread 0x00000234da4c8800 11720       2       java.util.ArrayList::listIterator (15 bytes)
Event: 56.111 Thread 0x00000234da4c8800 nmethod 11720 0x00000234c5425b10 code [0x00000234c5425cc0, 0x00000234c5425ff8]
Event: 56.111 Thread 0x00000234da4c8800 11721       2       kotlin.collections.MapsKt__MapsKt::toMap (138 bytes)
Event: 56.112 Thread 0x00000234da4c8800 nmethod 11721 0x00000234c5426110 code [0x00000234c54264a0, 0x00000234c54271e8]
Event: 56.112 Thread 0x00000234da4c8800 11723       2       kotlin.text.StringsKt__StringsKt::contains$default (15 bytes)
Event: 56.112 Thread 0x00000234da4c8800 nmethod 11723 0x00000234c5427910 code [0x00000234c5427aa0, 0x00000234c5427ba8]

GC Heap History (10 events):
Event: 53.798 GC heap after
{Heap after GC invocations=74 (full 0):
 garbage-first heap   total 145408K, used 110678K [0x0000000080000000, 0x0000000100000000)
  region size 1024K, 2 young (2048K), 2 survivors (2048K)
 Metaspace       used 96883K, capacity 100266K, committed 100388K, reserved 604160K
  class space    used 13007K, capacity 14277K, committed 14336K, reserved 516096K
}
Event: 53.956 GC heap before
{Heap before GC invocations=74 (full 0):
 garbage-first heap   total 145408K, used 121942K [0x0000000080000000, 0x0000000100000000)
  region size 1024K, 13 young (13312K), 2 survivors (2048K)
 Metaspace       used 97100K, capacity 100415K, committed 100644K, reserved 604160K
  class space    used 13031K, capacity 14321K, committed 14336K, reserved 516096K
}
Event: 53.963 GC heap after
{Heap after GC invocations=75 (full 0):
 garbage-first heap   total 197632K, used 112715K [0x0000000080000000, 0x0000000100000000)
  region size 1024K, 2 young (2048K), 2 survivors (2048K)
 Metaspace       used 97100K, capacity 100415K, committed 100644K, reserved 604160K
  class space    used 13031K, capacity 14321K, committed 14336K, reserved 516096K
}
Event: 54.520 GC heap before
{Heap before GC invocations=76 (full 0):
 garbage-first heap   total 197632K, used 131147K [0x0000000080000000, 0x0000000100000000)
  region size 1024K, 21 young (21504K), 2 survivors (2048K)
 Metaspace       used 97374K, capacity 100867K, committed 101028K, reserved 604160K
  class space    used 13064K, capacity 14411K, committed 14464K, reserved 516096K
}
Event: 54.547 GC heap after
{Heap after GC invocations=77 (full 0):
 garbage-first heap   total 197632K, used 114204K [0x0000000080000000, 0x0000000100000000)
  region size 1024K, 4 young (4096K), 4 survivors (4096K)
 Metaspace       used 97374K, capacity 100867K, committed 101028K, reserved 604160K
  class space    used 13064K, capacity 14411K, committed 14464K, reserved 516096K
}
Event: 54.805 GC heap before
{Heap before GC invocations=78 (full 0):
 garbage-first heap   total 197632K, used 119324K [0x0000000080000000, 0x0000000100000000)
  region size 1024K, 9 young (9216K), 4 survivors (4096K)
 Metaspace       used 97374K, capacity 100867K, committed 101028K, reserved 604160K
  class space    used 13064K, capacity 14411K, committed 14464K, reserved 516096K
}
Event: 54.814 GC heap after
{Heap after GC invocations=79 (full 0):
 garbage-first heap   total 197632K, used 119375K [0x0000000080000000, 0x0000000100000000)
  region size 1024K, 4 young (4096K), 4 survivors (4096K)
 Metaspace       used 97374K, capacity 100867K, committed 101028K, reserved 604160K
  class space    used 13064K, capacity 14411K, committed 14464K, reserved 516096K
}
Event: 55.312 GC heap before
{Heap before GC invocations=80 (full 0):
 garbage-first heap   total 197632K, used 148047K [0x0000000080000000, 0x0000000100000000)
  region size 1024K, 31 young (31744K), 4 survivors (4096K)
 Metaspace       used 97844K, capacity 101407K, committed 101668K, reserved 604160K
  class space    used 13150K, capacity 14565K, committed 14592K, reserved 516096K
}
Event: 55.327 GC heap after
{Heap after GC invocations=81 (full 0):
 garbage-first heap   total 197632K, used 121832K [0x0000000080000000, 0x0000000100000000)
  region size 1024K, 3 young (3072K), 3 survivors (3072K)
 Metaspace       used 97844K, capacity 101407K, committed 101668K, reserved 604160K
  class space    used 13150K, capacity 14565K, committed 14592K, reserved 516096K
}
Event: 56.113 GC heap before
{Heap before GC invocations=81 (full 0):
 garbage-first heap   total 197632K, used 150504K [0x0000000080000000, 0x0000000100000000)
  region size 1024K, 31 young (31744K), 3 survivors (3072K)
 Metaspace       used 100510K, capacity 104284K, committed 104356K, reserved 606208K
  class space    used 13471K, capacity 14971K, committed 14976K, reserved 516096K
}

Deoptimization events (10 events):
Event: 52.216 Thread 0x00000234da4cd800 Uncommon trap: reason=unstable_if action=reinterpret pc=0x00000234cb2a379c method=java.lang.Integer.stringSize(I)I @ 19 c2
Event: 52.427 Thread 0x00000234da4cd800 Uncommon trap: reason=unstable_if action=reinterpret pc=0x00000234cb56de20 method=sun.net.www.protocol.jar.Handler.parseURL(Ljava/net/URL;Ljava/lang/String;II)V @ 116 c2
Event: 53.702 Thread 0x00000234da4cd800 Uncommon trap: reason=unstable_if action=reinterpret pc=0x00000234cb5639e4 method=java.lang.StringLatin1.regionMatchesCI([BI[BII)Z @ 66 c2
Event: 53.986 Thread 0x00000234da4cd800 Uncommon trap: reason=null_check action=make_not_entrant pc=0x00000234cb6df994 method=org.gradle.tooling.internal.provider.runner.PluginApplicationTracker.lambda$hasRunningPluginApplication$0(Ljava/util/function/Predicate;Lorg/gradle/internal/operations/O
Event: 54.369 Thread 0x00000234dff74800 Uncommon trap: reason=unstable_if action=reinterpret pc=0x00000234cb48fff4 method=java.util.concurrent.ConcurrentLinkedQueue.updateHead(Ljava/util/concurrent/ConcurrentLinkedQueue$Node;Ljava/util/concurrent/ConcurrentLinkedQueue$Node;)V @ 14 c2
Event: 54.434 Thread 0x00000234da4cd800 Uncommon trap: reason=null_check action=make_not_entrant pc=0x00000234cb6ea24c method=org.gradle.cache.internal.DefaultCrossBuildInMemoryCacheFactory$DefaultCrossBuildInMemoryCache.maybeGetRetainedValue(Ljava/lang/Object;)Ljava/lang/Object; @ 10 c2
Event: 55.157 Thread 0x00000234da4cd800 Uncommon trap: reason=null_check action=make_not_entrant pc=0x00000234cb32861c method=jdk.internal.loader.URLClassPath$JarLoader.getResource(Ljava/lang/String;ZLjava/util/Set;)Ljdk/internal/loader/Resource; @ 92 c2
Event: 55.211 Thread 0x00000234da4cd800 Uncommon trap: reason=null_check action=make_not_entrant pc=0x00000234cb60a968 method=com.sun.beans.introspect.MethodInfo$MethodOrder.compare(Ljava/lang/reflect/Method;Ljava/lang/reflect/Method;)I @ 145 c2
Event: 55.419 Thread 0x00000234da4cd800 Uncommon trap: reason=bimorphic_or_optimized_type_check action=maybe_recompile pc=0x00000234cb3bd050 method=java.lang.Throwable.<init>(Ljava/lang/String;Ljava/lang/Throwable;)V @ 24 c2
Event: 56.014 Thread 0x00000234da4cd800 Uncommon trap: reason=class_check action=make_not_entrant pc=0x00000234cb72f430 method=java.util.ArrayList.toArray([Ljava/lang/Object;)[Ljava/lang/Object; @ 21 c2

Classes redefined (0 events):
No events

Internal exceptions (10 events):
Event: 55.467 Thread 0x00000234da4cd800 Exception <a 'java/lang/ClassNotFoundException'{0x000000008b71fd78}: org/gradle/api/tasks/compile/JavaCompileCustomizer> (0x000000008b71fd78) thrown at [./open/src/hotspot/share/classfile/systemDictionary.cpp, line 226]
Event: 55.469 Thread 0x00000234da4cd800 Exception <a 'java/lang/ClassNotFoundException'{0x000000008b760000}: org/gradle/api/tasks/compile/JavaCompile_DecoratedCustomizer> (0x000000008b760000) thrown at [./open/src/hotspot/share/classfile/systemDictionary.cpp, line 226]
Event: 55.511 Thread 0x00000234da4cd800 Exception <a 'java/lang/NoSuchMethodError'{0x000000008b548650}: java.lang.invoke.DirectMethodHandle$Holder.invokeStatic(Ljava/lang/Object;Ljava/lang/Object;Ljava/lang/Object;Ljava/lang/Object;Ljava/lang/Object;Ljava/lang/Object;I)Ljava/lang/Object;> (0x00
Event: 55.513 Thread 0x00000234da4cd800 Exception <a 'java/lang/NoSuchMethodError'{0x000000008b5600f8}: java.lang.invoke.DirectMethodHandle$Holder.invokeStatic(Ljava/lang/Object;Ljava/lang/Object;Ljava/lang/Object;Ljava/lang/Object;Ljava/lang/Object;Ljava/lang/Object;II)Ljava/lang/Object;> (0x0
Event: 55.515 Thread 0x00000234da4cd800 Exception <a 'java/lang/NoSuchMethodError'{0x000000008b578b90}: java.lang.invoke.DirectMethodHandle$Holder.invokeStatic(Ljava/lang/Object;Ljava/lang/Object;Ljava/lang/Object;Ljava/lang/Object;Ljava/lang/Object;Ljava/lang/Object;IILjava/lang/Object;)Ljava/
Event: 55.556 Thread 0x00000234da4cd800 Exception <a 'sun/nio/fs/WindowsException'{0x000000008b48d4e8}> (0x000000008b48d4e8) thrown at [./open/src/hotspot/share/prims/jni.cpp, line 611]
Event: 55.802 Thread 0x00000234da4cd800 Exception <a 'sun/nio/fs/WindowsException'{0x000000008ad41958}> (0x000000008ad41958) thrown at [./open/src/hotspot/share/prims/jni.cpp, line 611]
Event: 55.902 Thread 0x00000234da4cd800 Exception <a 'java/lang/NoSuchMethodError'{0x000000008aa51e18}: java.lang.invoke.DirectMethodHandle$Holder.invokeSpecial(Ljava/lang/Object;Ljava/lang/Object;IIILjava/lang/Object;Ljava/lang/Object;Ljava/lang/Object;)Ljava/lang/Object;> (0x000000008aa51e18)
Event: 55.903 Thread 0x00000234da4cd800 Exception <a 'java/lang/NoSuchMethodError'{0x000000008aa56438}: java.lang.invoke.DelegatingMethodHandle$Holder.reinvoke_L(Ljava/lang/Object;IIILjava/lang/Object;Ljava/lang/Object;Ljava/lang/Object;)Ljava/lang/Object;> (0x000000008aa56438) thrown at [./ope
Event: 55.939 Thread 0x00000234da4cd800 Exception <a 'sun/nio/fs/WindowsException'{0x000000008aaf4550}> (0x000000008aaf4550) thrown at [./open/src/hotspot/share/prims/jni.cpp, line 611]

Events (10 events):
Event: 56.050 loading class com/android/build/gradle/internal/cxx/settings/SettingsEnvironmentNameResolver$Match done
Event: 56.058 loading class com/android/repository/Revision
Event: 56.058 loading class com/android/repository/Revision done
Event: 56.060 loading class com/android/repository/Revision
Event: 56.060 loading class com/android/repository/Revision done
Event: 56.061 loading class com/android/build/gradle/internal/cxx/settings/CxxAbiModelSettingsRewriterKt$expandConfigurationHashMacros$result$1
Event: 56.061 loading class com/android/build/gradle/internal/cxx/settings/CxxAbiModelSettingsRewriterKt$expandConfigurationHashMacros$result$1 done
Event: 56.063 loading class com/android/build/gradle/internal/cxx/settings/CxxAbiModelSettingsRewriterKt$expandConfigurationHashMacros$result$1$1
Event: 56.063 loading class com/android/build/gradle/internal/cxx/settings/CxxAbiModelSettingsRewriterKt$expandConfigurationHashMacros$result$1$1 done
Event: 56.112 Executing VM operation: G1CollectForAllocation


Dynamic libraries:
0x00007ff6f23f0000 - 0x00007ff6f2400000 	C:\Program Files\Java\jdk-11\bin\java.exe
0x00007fff397b0000 - 0x00007fff399a8000 	C:\Windows\SYSTEM32\ntdll.dll
0x00007fff39330000 - 0x00007fff393ed000 	C:\Windows\System32\KERNEL32.DLL
0x00007fff37050000 - 0x00007fff37346000 	C:\Windows\System32\KERNELBASE.dll
0x00007fff34150000 - 0x00007fff341e0000 	C:\Windows\SYSTEM32\apphelp.dll
0x00007fff37530000 - 0x00007fff37630000 	C:\Windows\System32\ucrtbase.dll
0x00007fff09af0000 - 0x00007fff09b0b000 	C:\Program Files\Java\jdk-11\bin\VCRUNTIME140.dll
0x00007fff09b10000 - 0x00007fff09b29000 	C:\Program Files\Java\jdk-11\bin\jli.dll
0x00007fff38a30000 - 0x00007fff38adf000 	C:\Windows\System32\ADVAPI32.dll
0x00007fff384a0000 - 0x00007fff3853e000 	C:\Windows\System32\msvcrt.dll
0x00007fff39670000 - 0x00007fff3970c000 	C:\Windows\System32\sechost.dll
0x00007fff38d30000 - 0x00007fff38e56000 	C:\Windows\System32\RPCRT4.dll
0x00007fff394d0000 - 0x00007fff3966e000 	C:\Windows\System32\USER32.dll
0x00007fff377e0000 - 0x00007fff37802000 	C:\Windows\System32\win32u.dll
0x00007fff18fd0000 - 0x00007fff1926a000 	C:\Windows\WinSxS\amd64_microsoft.windows.common-controls_6595b64144ccf1df_6.0.19041.3636_none_60b6a03d71f818d5\COMCTL32.dll
0x00007fff39440000 - 0x00007fff3946c000 	C:\Windows\System32\GDI32.dll
0x00007fff36f00000 - 0x00007fff3701a000 	C:\Windows\System32\gdi32full.dll
0x00007fff37490000 - 0x00007fff3752d000 	C:\Windows\System32\msvcp_win.dll
0x00007fff2c550000 - 0x00007fff2c55a000 	C:\Windows\SYSTEM32\VERSION.dll
0x00007fff393f0000 - 0x00007fff39420000 	C:\Windows\System32\IMM32.DLL
0x00007fff32610000 - 0x00007fff3261c000 	C:\Program Files\Java\jdk-11\bin\vcruntime140_1.dll
0x00007fff05de0000 - 0x00007fff05e6e000 	C:\Program Files\Java\jdk-11\bin\msvcp140.dll
0x00007ffeed320000 - 0x00007ffeede8d000 	C:\Program Files\Java\jdk-11\bin\server\jvm.dll
0x00007fff38ae0000 - 0x00007fff38ae8000 	C:\Windows\System32\PSAPI.DLL
0x00007fff192c0000 - 0x00007fff192c9000 	C:\Windows\SYSTEM32\WSOCK32.dll
0x00007fff38ee0000 - 0x00007fff38f4b000 	C:\Windows\System32\WS2_32.dll
0x00007fff2eb60000 - 0x00007fff2eb87000 	C:\Windows\SYSTEM32\WINMM.dll
0x00007fff356b0000 - 0x00007fff356c2000 	C:\Windows\SYSTEM32\kernel.appcore.dll
0x00007fff19540000 - 0x00007fff19550000 	C:\Program Files\Java\jdk-11\bin\verify.dll
0x00007fff35270000 - 0x00007fff35454000 	C:\Windows\SYSTEM32\DBGHELP.DLL
0x00007fff1b960000 - 0x00007fff1b994000 	C:\Windows\SYSTEM32\dbgcore.DLL
0x00007fff37350000 - 0x00007fff373d2000 	C:\Windows\System32\bcryptPrimitives.dll
0x00007fff05db0000 - 0x00007fff05dd8000 	C:\Program Files\Java\jdk-11\bin\java.dll
0x00007fff18f10000 - 0x00007fff18f1a000 	C:\Program Files\Java\jdk-11\bin\jimage.dll
0x00007fff09ad0000 - 0x00007fff09ae7000 	C:\Program Files\Java\jdk-11\bin\zip.dll
0x00007fff37d50000 - 0x00007fff38495000 	C:\Windows\System32\SHELL32.dll
0x00007fff34a00000 - 0x00007fff3519b000 	C:\Windows\SYSTEM32\windows.storage.dll
0x00007fff379f0000 - 0x00007fff37d44000 	C:\Windows\System32\combase.dll
0x00007fff368d0000 - 0x00007fff368fd000 	C:\Windows\SYSTEM32\Wldp.dll
0x00007fff37940000 - 0x00007fff379ed000 	C:\Windows\System32\SHCORE.dll
0x00007fff391b0000 - 0x00007fff39205000 	C:\Windows\System32\shlwapi.dll
0x00007fff36dc0000 - 0x00007fff36de5000 	C:\Windows\SYSTEM32\profapi.dll
0x00007fff07c70000 - 0x00007fff07c89000 	C:\Program Files\Java\jdk-11\bin\net.dll
0x00007fff313f0000 - 0x00007fff314fa000 	C:\Windows\SYSTEM32\WINHTTP.dll
0x00007fff365c0000 - 0x00007fff3662a000 	C:\Windows\system32\mswsock.dll
0x00007fff05d30000 - 0x00007fff05d42000 	C:\Program Files\Java\jdk-11\bin\nio.dll
0x00007ffee6b80000 - 0x00007ffee6ba7000 	C:\Users\acer\.gradle\native\68d5fa5c4cc2d200863cafc0d521ce42e7d3e7ee720ec0a83991735586a16f82\windows-amd64\native-platform.dll
0x00007ffec1d30000 - 0x00007ffec1e74000 	C:\Users\acer\.gradle\native\e376f236ea51e6404a007f0833ffe2c6e607c4080706a723a18a27aeea778392\windows-amd64\native-platform-file-events.dll
0x00007fff10df0000 - 0x00007fff10df9000 	C:\Program Files\Java\jdk-11\bin\management.dll
0x00007fff10b60000 - 0x00007fff10b6b000 	C:\Program Files\Java\jdk-11\bin\management_ext.dll
0x00007fff367c0000 - 0x00007fff367d8000 	C:\Windows\SYSTEM32\CRYPTSP.dll
0x00007fff35e90000 - 0x00007fff35ec4000 	C:\Windows\system32\rsaenh.dll
0x00007fff37020000 - 0x00007fff37047000 	C:\Windows\System32\bcrypt.dll
0x00007fff36d40000 - 0x00007fff36d6e000 	C:\Windows\SYSTEM32\USERENV.dll
0x00007fff367b0000 - 0x00007fff367bc000 	C:\Windows\SYSTEM32\CRYPTBASE.dll
0x00007fff362b0000 - 0x00007fff362eb000 	C:\Windows\SYSTEM32\IPHLPAPI.DLL
0x00007fff39430000 - 0x00007fff39438000 	C:\Windows\System32\NSI.dll
0x00007fff2cf40000 - 0x00007fff2cf57000 	C:\Windows\SYSTEM32\dhcpcsvc6.DLL
0x00007fff2eb40000 - 0x00007fff2eb5d000 	C:\Windows\SYSTEM32\dhcpcsvc.DLL
0x00007fff362f0000 - 0x00007fff363ba000 	C:\Windows\SYSTEM32\DNSAPI.dll

dbghelp: loaded successfully - version: 4.0.5 - missing functions: none
symbol engine: initialized successfully - sym options: 0x614 - pdb path: .;C:\Program Files\Java\jdk-11\bin;C:\Windows\SYSTEM32;C:\Windows\WinSxS\amd64_microsoft.windows.common-controls_6595b64144ccf1df_6.0.19041.3636_none_60b6a03d71f818d5;C:\Program Files\Java\jdk-11\bin\server;C:\Users\acer\.gradle\native\68d5fa5c4cc2d200863cafc0d521ce42e7d3e7ee720ec0a83991735586a16f82\windows-amd64;C:\Users\acer\.gradle\native\e376f236ea51e6404a007f0833ffe2c6e607c4080706a723a18a27aeea778392\windows-amd64

VM Arguments:
jvm_args: -XX:MaxMetaspaceSize=512m --add-opens=java.base/java.util=ALL-UNNAMED --add-opens=java.base/java.lang=ALL-UNNAMED --add-opens=java.base/java.lang.invoke=ALL-UNNAMED --add-opens=java.prefs/java.util.prefs=ALL-UNNAMED --add-opens=java.base/java.nio.charset=ALL-UNNAMED --add-opens=java.base/java.net=ALL-UNNAMED --add-opens=java.base/java.util.concurrent.atomic=ALL-UNNAMED -Xmx2048m -Dfile.encoding=utf8 -Duser.country=IN -Duser.language=en -Duser.variant 
java_command: org.gradle.launcher.daemon.bootstrap.GradleDaemon 8.0.1
java_class_path (initial): C:\Users\acer\.gradle\wrapper\dists\gradle-8.0.1-all\aro4hu1c3oeioove7l0i4i14o\gradle-8.0.1\lib\gradle-launcher-8.0.1.jar
Launcher Type: SUN_STANDARD

[Global flags]
     intx CICompilerCount                          = 4                                         {product} {ergonomic}
   size_t CompressedClassSpaceSize                 = 528482304                                 {product} {ergonomic}
     uint ConcGCThreads                            = 3                                         {product} {ergonomic}
     uint G1ConcRefinementThreads                  = 10                                        {product} {ergonomic}
   size_t G1HeapRegionSize                         = 1048576                                   {product} {ergonomic}
    uintx GCDrainStackTargetSize                   = 64                                        {product} {ergonomic}
   size_t InitialHeapSize                          = 123731968                                 {product} {ergonomic}
   size_t MarkStackSize                            = 4194304                                   {product} {ergonomic}
   size_t MaxHeapSize                              = 2147483648                                {product} {command line}
   size_t MaxMetaspaceSize                         = 536870912                                 {product} {command line}
   size_t MaxNewSize                               = 1287651328                                {product} {ergonomic}
   size_t MinHeapDeltaBytes                        = 1048576                                   {product} {ergonomic}
    uintx NonNMethodCodeHeapSize                   = 5836300                                {pd product} {ergonomic}
    uintx NonProfiledCodeHeapSize                  = 122910970                              {pd product} {ergonomic}
    uintx ProfiledCodeHeapSize                     = 122910970                              {pd product} {ergonomic}
    uintx ReservedCodeCacheSize                    = 251658240                              {pd product} {ergonomic}
     bool SegmentedCodeCache                       = true                                      {product} {ergonomic}
     bool UseCompressedClassPointers               = true                                 {lp64_product} {ergonomic}
     bool UseCompressedOops                        = true                                 {lp64_product} {ergonomic}
     bool UseG1GC                                  = true                                      {product} {ergonomic}
     bool UseLargePagesIndividualAllocation        = false                                  {pd product} {ergonomic}

Logging:
Log output configuration:
 #0: stdout all=warning uptime,level,tags
 #1: stderr all=off uptime,level,tags

Environment Variables:
JAVA_HOME=C:\Program Files\Java\jdk-11
PATH=C:\Program Files\Common Files\Oracle\Java\javapath;C:\Program Files\Eclipse Adoptium\jdk-11.0.22.7-hotspot\bin;C:\Windows\system32;C:\Windows;C:\Windows\System32\Wbem;C:\Windows\System32\WindowsPowerShell\v1.0\;C:\Windows\System32\OpenSSH\;C:\Program Files\Git\cmd;C:\MinGW\bin;C:\Program Files\MongoDB\mongosh-2.0.2-win32-x64\bin;C:\ProgramData\chocolatey\bin;C:\Program Files\nodejs\;C:\Program Files (x86)\Java\jre-1.8\bin;C:\Users\acer\AppData\Local\Android\Sdk;C:\Users\acer\AppData\Local\Android\Sdk\platform-tools;C:\Users\acer\AppData\Local\Android\Sdk\emulator;C:\Users\acer\AppData\Local\Android\Sdk\tools;C:\Users\acer\AppData\Local\Android\Sdk\tools\bin;C:\Users\acer\AppData\Local\Android\Sdk\platforms;C:\Users\acer\AppData\Local\Programs\Python\Python312\Scripts\;C:\Users\acer\AppData\Local\Programs\Python\Python312\;C:\Users\acer\AppData\Local\Microsoft\WindowsApps;C:\Users\acer\AppData\Local\Programs\Microsoft VS Code\bin;C:\MinGW\bin;C:\Users\acer\AppData\Local\Programs\mongosh\;C:\Program Files\JetBrains\PyCharm Community Edition 2023.2.5\bin;;C:\Users\acer\AppData\Roaming\npm;C:\Users\acer\AppData\Local\Android\Sdk\platform-tools;
USERNAME=acer
OS=Windows_NT
PROCESSOR_IDENTIFIER=AMD64 Family 23 Model 104 Stepping 1, AuthenticAMD



---------------  S Y S T E M  ---------------

OS: Windows 10 , 64 bit Build 19041 (10.0.19041.3636)
Hyper-V role detected

CPU:total 12 (initial active 12) (12 cores per cpu, 2 threads per core) family 23 model 104 stepping 1 microcode 0x0, cmov, cx8, fxsr, mmx, sse, sse2, sse3, ssse3, sse4.1, sse4.2, popcnt, avx, avx2, aes, clmul, mmxext, 3dnowpref, lzcnt, sse4a, ht, tsc, tscinvbit, tscinv, bmi1, bmi2, adx,

Memory: 4k page, system-wide physical 7530M (92M free)
TotalPageFile size 31082M (AvailPageFile size 5M)
current process WorkingSet (physical memory assigned to process): 366M, peak: 376M
current process commit charge ("private bytes"): 507M, peak: 652M

vm_info: Java HotSpot(TM) 64-Bit Server VM (11.0.21+9-LTS-193) for windows-amd64 JRE (11.0.21+9-LTS-193), built on Sep 13 2023 11:04:38 by "mach5one" with MS VC++ 17.1 (VS2022)

END.
